<?xml version="1.0" encoding="UTF-8"?>
<robot generator="Robot 4.1.2 (Python 3.10.0 on win32)" generated="20211214 14:30:17.300" rpa="false" schemaversion="2">
<suite id="s1" name="Suites">
<suite id="s1-s1" name="AdminLogin Default Test" source="D:\projects\automationworkspace\OpenCart\TestCases\AdminLogin_Default_Test.robot">
<test id="s1-s1-t1" name="Verify page title">
<kw name="Launch application" library="Basefile" type="SETUP">
<arg>${BROWSER}</arg>
<arg>${ADMINBASEURL}</arg>
<kw name="Open Browser" library="SeleniumLibrary">
<arg>about:blank</arg>
<arg>${browserName}</arg>
<doc>Opens a new browser instance to the given ``url``.</doc>
<msg timestamp="20211214 14:30:17.504" level="INFO">Opening browser 'chrome' to base url 'about:blank'.</msg>
<status status="PASS" starttime="20211214 14:30:17.504" endtime="20211214 14:30:19.131"/>
</kw>
<kw name="Maximize Browser Window" library="SeleniumLibrary">
<doc>Maximizes current browser window.</doc>
<status status="PASS" starttime="20211214 14:30:19.131" endtime="20211214 14:30:19.252"/>
</kw>
<kw name="Go To" library="SeleniumLibrary">
<arg>${user_base_url}</arg>
<doc>Navigates the active browser instance to the provided ``url``.</doc>
<msg timestamp="20211214 14:30:19.253" level="INFO">Opening url 'https://demo.opencart.com/admin/'</msg>
<status status="PASS" starttime="20211214 14:30:19.252" endtime="20211214 14:30:21.978"/>
</kw>
<status status="PASS" starttime="20211214 14:30:17.503" endtime="20211214 14:30:21.978"/>
</kw>
<kw name="Validate the page title" library="Basefile">
<arg>Administration</arg>
<kw name="Title Should Be" library="SeleniumLibrary">
<arg>${expected_title}</arg>
<doc>Verifies that current page title equals ``title``.</doc>
<msg timestamp="20211214 14:30:21.987" level="INFO">Page title is 'Administration'.</msg>
<status status="PASS" starttime="20211214 14:30:21.980" endtime="20211214 14:30:21.987"/>
</kw>
<status status="PASS" starttime="20211214 14:30:21.979" endtime="20211214 14:30:21.987"/>
</kw>
<kw name="Close browser session" library="Basefile" type="TEARDOWN">
<kw name="Close Browser" library="SeleniumLibrary">
<doc>Closes the current browser.</doc>
<status status="PASS" starttime="20211214 14:30:21.988" endtime="20211214 14:30:24.977"/>
</kw>
<status status="PASS" starttime="20211214 14:30:21.988" endtime="20211214 14:30:24.978"/>
</kw>
<status status="PASS" starttime="20211214 14:30:17.503" endtime="20211214 14:30:24.978"/>
</test>
<test id="s1-s1-t2" name="Verify if user is able to login">
<kw name="Launch application" library="Basefile" type="SETUP">
<arg>${BROWSER}</arg>
<arg>${ADMINBASEURL}</arg>
<kw name="Open Browser" library="SeleniumLibrary">
<arg>about:blank</arg>
<arg>${browserName}</arg>
<doc>Opens a new browser instance to the given ``url``.</doc>
<msg timestamp="20211214 14:30:24.980" level="INFO">Opening browser 'chrome' to base url 'about:blank'.</msg>
<status status="PASS" starttime="20211214 14:30:24.980" endtime="20211214 14:30:26.306"/>
</kw>
<kw name="Maximize Browser Window" library="SeleniumLibrary">
<doc>Maximizes current browser window.</doc>
<status status="PASS" starttime="20211214 14:30:26.307" endtime="20211214 14:30:26.427"/>
</kw>
<kw name="Go To" library="SeleniumLibrary">
<arg>${user_base_url}</arg>
<doc>Navigates the active browser instance to the provided ``url``.</doc>
<msg timestamp="20211214 14:30:26.428" level="INFO">Opening url 'https://demo.opencart.com/admin/'</msg>
<status status="PASS" starttime="20211214 14:30:26.427" endtime="20211214 14:30:28.291"/>
</kw>
<status status="PASS" starttime="20211214 14:30:24.979" endtime="20211214 14:30:28.292"/>
</kw>
<kw name="Given AdminLoginPage.login into the application" library="AdminLoginPage">
<kw name="Enter text" library="Basefile">
<arg>${ADMIN_EMAIL_ID}</arg>
<arg>${USEREMAIL}</arg>
<kw name="Input Text" library="SeleniumLibrary">
<arg>${web_element}</arg>
<arg>${input_text}</arg>
<doc>Types the given ``text`` into text field identified by ``locator``.</doc>
<msg timestamp="20211214 14:30:28.293" level="INFO">Typing text 'demo' into text field 'id=input-username'.</msg>
<status status="PASS" starttime="20211214 14:30:28.293" endtime="20211214 14:30:28.373"/>
</kw>
<status status="PASS" starttime="20211214 14:30:28.293" endtime="20211214 14:30:28.374"/>
</kw>
<kw name="Enter text" library="Basefile">
<arg>${ADMIN_PASSWORD_ID}</arg>
<arg>${PASSWORD}</arg>
<kw name="Input Text" library="SeleniumLibrary">
<arg>${web_element}</arg>
<arg>${input_text}</arg>
<doc>Types the given ``text`` into text field identified by ``locator``.</doc>
<msg timestamp="20211214 14:30:28.375" level="INFO">Typing text 'demo' into text field 'id=input-password'.</msg>
<status status="PASS" starttime="20211214 14:30:28.374" endtime="20211214 14:30:28.444"/>
</kw>
<status status="PASS" starttime="20211214 14:30:28.374" endtime="20211214 14:30:28.444"/>
</kw>
<kw name="Click on the button" library="Basefile">
<arg>${ADMIN_LOGIN_BTN_XPATH}</arg>
<kw name="Click Button" library="SeleniumLibrary">
<arg>${web_element}</arg>
<doc>Clicks button identified by ``locator``.</doc>
<msg timestamp="20211214 14:30:28.445" level="INFO">Clicking button 'xpath=//button[@class='btn btn-primary']'.</msg>
<status status="PASS" starttime="20211214 14:30:28.445" endtime="20211214 14:30:31.136"/>
</kw>
<status status="PASS" starttime="20211214 14:30:28.444" endtime="20211214 14:30:31.138"/>
</kw>
<status status="PASS" starttime="20211214 14:30:28.292" endtime="20211214 14:30:31.138"/>
</kw>
<kw name="And set browser implicit wait" library="SeleniumLibrary">
<arg>5 seconds</arg>
<doc>Sets the implicit wait value used by Selenium.</doc>
<status status="PASS" starttime="20211214 14:30:31.139" endtime="20211214 14:30:31.140"/>
</kw>
<kw name="Then title should be" library="SeleniumLibrary">
<arg>Dashboard</arg>
<doc>Verifies that current page title equals ``title``.</doc>
<msg timestamp="20211214 14:30:31.149" level="INFO">Page title is 'Dashboard'.</msg>
<status status="PASS" starttime="20211214 14:30:31.141" endtime="20211214 14:30:31.149"/>
</kw>
<kw name="Close browser session" library="Basefile" type="TEARDOWN">
<kw name="Close Browser" library="SeleniumLibrary">
<doc>Closes the current browser.</doc>
<status status="PASS" starttime="20211214 14:30:31.150" endtime="20211214 14:30:34.172"/>
</kw>
<status status="PASS" starttime="20211214 14:30:31.149" endtime="20211214 14:30:34.172"/>
</kw>
<tag>Sanity</tag>
<status status="PASS" starttime="20211214 14:30:24.978" endtime="20211214 14:30:34.172"/>
</test>
<status status="PASS" starttime="20211214 14:30:17.319" endtime="20211214 14:30:34.175"/>
</suite>
<status status="PASS" starttime="20211214 14:30:17.305" endtime="20211214 14:30:34.176"/>
</suite>
<statistics>
<total>
<stat pass="2" fail="0" skip="0">All Tests</stat>
</total>
<tag>
<stat pass="1" fail="0" skip="0">Sanity</stat>
</tag>
<suite>
<stat pass="2" fail="0" skip="0" id="s1" name="Suites">Suites</stat>
<stat pass="2" fail="0" skip="0" id="s1-s1" name="AdminLogin Default Test">Suites.AdminLogin Default Test</stat>
</suite>
</statistics>
<errors>
</errors>
</robot>
