<?xml version="1.0" encoding="UTF-8"?>
<robot generator="Rebot 4.1.2 (Python 3.10.0 on win32)" generated="20211214 14:35:46.055" rpa="false" schemaversion="2">
<suite id="s1" name="Suites">
<suite id="s1-s1" name="APITest" source="D:\projects\automationworkspace\OpenCart\TestCases\APITest.robot">
<test id="s1-s1-t1" name="Verify that data gets displayed using &quot;Create Session&quot; method">
<kw name="Create Session" library="RequestsLibrary">
<arg>get_student_name</arg>
<arg>${APIBASE_URL}</arg>
<doc>Create Session: create a HTTP session to a server</doc>
<msg timestamp="20211214 14:30:13.956" level="INFO">Creating Session using : alias=get_student_name, url=https://reqres.in, headers={},                     cookies={}, auth=None, timeout=None, proxies=None, verify=False,                     debug=0 </msg>
<status status="PASS" starttime="20211214 14:30:13.956" endtime="20211214 14:30:13.956"/>
</kw>
<kw name="Get Request" library="RequestsLibrary">
<var>${response}</var>
<arg>get_student_name</arg>
<arg>/api/users?page=${page_number}</arg>
<doc>*DEPRECATED* Please use `GET On Session` instead.</doc>
<msg timestamp="20211214 14:30:13.969" level="WARN">Keyword 'RequestsLibrary.Get Request' is deprecated. Please use `GET On Session` instead.</msg>
<msg timestamp="20211214 14:30:14.258" level="INFO">GET Request : url=https://reqres.in/api/users?page=2 
 path_url=/api/users?page=2 
 headers={'User-Agent': 'python-requests/2.26.0', 'Accept-Encoding': 'gzip, deflate', 'Accept': '*/*', 'Connection': 'keep-alive'} 
 body=None 
 </msg>
<msg timestamp="20211214 14:30:14.258" level="INFO">GET Response : url=https://reqres.in/api/users?page=2 
 status=200, reason=OK 
 headers={'Date': 'Tue, 14 Dec 2021 09:02:52 GMT', 'Content-Type': 'application/json; charset=utf-8', 'Transfer-Encoding': 'chunked', 'Connection': 'keep-alive', 'x-powered-by': 'Express', 'access-control-allow-origin': '*', 'etag': 'W/"406-ut0vzoCuidvyMf8arZpMpJ6ZRDw"', 'via': '1.1 vegur', 'Cache-Control': 'max-age=14400', 'CF-Cache-Status': 'HIT', 'Age': '1760', 'Expect-CT': 'max-age=604800, report-uri="https://report-uri.cloudflare.com/cdn-cgi/beacon/expect-ct"', 'Report-To': '{"endpoints":[{"url":"https:\\/\\/a.nel.cloudflare.com\\/report\\/v3?s=cUPT3r67qvWnUI3r3SwVP4A92XlAzUxi7Cv9FbweQsOPA3vN2hnaMfkH%2FqbfdDYyyhEgS2lGCrLIUUXLYUdROPcPgXhnn5qFdvYPGYQOE2gCFl31T51NivS4VBs%3D"}],"group":"cf-nel","max_age":604800}', 'NEL': '{"success_fraction":0,"report_to":"cf-nel","max_age":604800}', 'Vary': 'Accept-Encoding', 'Server': 'cloudflare', 'CF-RAY': '6bd6417798252e1c-BOM', 'Content-Encoding': 'gzip', 'alt-svc': 'h3=":443"; ma=86400, h3-29=":443"; ma=86400, h3-28=":443"; ma=86400, h3-27=":443"; ma=86400'} 
 body={"page":2,"per_page":6,"total":12,"total_pages":2,"data":[{"id":7,"email":"michael.lawson@reqres.in","first_name":"Michael","last_name":"Lawson","avatar":"https://reqres.in/img/faces/7-image.jpg"},{"id":8,"email":"lindsay.ferguson@reqres.in","first_name":"Lindsay","last_name":"Ferguson","avatar":"https://reqres.in/img/faces/8-image.jpg"},{"id":9,"email":"tobias.funke@reqres.in","first_name":"Tobias","last_name":"Funke","avatar":"https://reqres.in/img/faces/9-image.jpg"},{"id":10,"email":"byron.fields@reqres.in","first_name":"Byron","last_name":"Fields","avatar":"https://reqres.in/img/faces/10-image.jpg"},{"id":11,"email":"george.edwards@reqres.in","first_name":"George","last_name":"Edwards","avatar":"https://reqres.in/img/faces/11-image.jpg"},{"id":12,"email":"rachel.howell@reqres.in","first_name":"Rachel","last_name":"Howell","avatar":"https://reqres.in/img/faces/12-image.jpg"}],"support":{"url":"https://reqres.in/#support-heading","text":"To keep ReqRes free, contributions towards server costs are appreciated!"}} 
 </msg>
<msg timestamp="20211214 14:30:14.258" level="INFO">C:\Users\vivek.garg\AppData\Local\Programs\Python\Python310\lib\site-packages\urllib3\connectionpool.py:1013: InsecureRequestWarning: Unverified HTTPS request is being made to host 'reqres.in'. Adding certificate verification is strongly advised. See: https://urllib3.readthedocs.io/en/1.26.x/advanced-usage.html#ssl-warnings
  warnings.warn(</msg>
<msg timestamp="20211214 14:30:14.258" level="INFO">${response} = &lt;Response [200]&gt;</msg>
<status status="PASS" starttime="20211214 14:30:13.968" endtime="20211214 14:30:14.258"/>
</kw>
<kw name="Log To Console" library="BuiltIn">
<arg>${response.status_code}</arg>
<doc>Logs the given message to the console.</doc>
<status status="PASS" starttime="20211214 14:30:14.259" endtime="20211214 14:30:14.259"/>
</kw>
<kw name="Log To Console" library="BuiltIn">
<arg>${response.content}</arg>
<doc>Logs the given message to the console.</doc>
<status status="PASS" starttime="20211214 14:30:14.259" endtime="20211214 14:30:14.272"/>
</kw>
<status status="PASS" starttime="20211214 14:30:13.955" endtime="20211214 14:30:14.273"/>
</test>
<test id="s1-s1-t2" name="Verify that data gets displayed WITHOUT using &quot;Create Session&quot; method">
<kw name="GET" library="RequestsLibrary">
<var>${response}</var>
<arg>${APIBASE_URL}${User_api}</arg>
<arg>params=page=${page_number}</arg>
<doc>Sends a GET request.</doc>
<msg timestamp="20211214 14:30:14.496" level="INFO">GET Request : url=https://reqres.in/api/users?page=2 
 path_url=/api/users?page=2 
 headers={'User-Agent': 'python-requests/2.26.0', 'Accept-Encoding': 'gzip, deflate', 'Accept': '*/*', 'Connection': 'keep-alive'} 
 body=None 
 </msg>
<msg timestamp="20211214 14:30:14.496" level="INFO">GET Response : url=https://reqres.in/api/users?page=2 
 status=200, reason=OK 
 headers={'Date': 'Tue, 14 Dec 2021 09:02:52 GMT', 'Content-Type': 'application/json; charset=utf-8', 'Transfer-Encoding': 'chunked', 'Connection': 'keep-alive', 'x-powered-by': 'Express', 'access-control-allow-origin': '*', 'etag': 'W/"406-ut0vzoCuidvyMf8arZpMpJ6ZRDw"', 'via': '1.1 vegur', 'Cache-Control': 'max-age=14400', 'CF-Cache-Status': 'HIT', 'Age': '1582', 'Expect-CT': 'max-age=604800, report-uri="https://report-uri.cloudflare.com/cdn-cgi/beacon/expect-ct"', 'Report-To': '{"endpoints":[{"url":"https:\\/\\/a.nel.cloudflare.com\\/report\\/v3?s=NGOYe1fuTyKuUq07xhhFROzzq3tI2kDmPcVDzeCb%2BkvKT5fLn08E7SeVlFpsyXDfmHzMaue6ZCMduFfY4yUuQWqni2korrJNq4EsQRLM4eBCcJ4WXBpasPlE11I%3D"}],"group":"cf-nel","max_age":604800}', 'NEL': '{"success_fraction":0,"report_to":"cf-nel","max_age":604800}', 'Vary': 'Accept-Encoding', 'Server': 'cloudflare', 'CF-RAY': '6bd64178eef485ab-BOM', 'Content-Encoding': 'gzip', 'alt-svc': 'h3=":443"; ma=86400, h3-29=":443"; ma=86400, h3-28=":443"; ma=86400, h3-27=":443"; ma=86400'} 
 body={"page":2,"per_page":6,"total":12,"total_pages":2,"data":[{"id":7,"email":"michael.lawson@reqres.in","first_name":"Michael","last_name":"Lawson","avatar":"https://reqres.in/img/faces/7-image.jpg"},{"id":8,"email":"lindsay.ferguson@reqres.in","first_name":"Lindsay","last_name":"Ferguson","avatar":"https://reqres.in/img/faces/8-image.jpg"},{"id":9,"email":"tobias.funke@reqres.in","first_name":"Tobias","last_name":"Funke","avatar":"https://reqres.in/img/faces/9-image.jpg"},{"id":10,"email":"byron.fields@reqres.in","first_name":"Byron","last_name":"Fields","avatar":"https://reqres.in/img/faces/10-image.jpg"},{"id":11,"email":"george.edwards@reqres.in","first_name":"George","last_name":"Edwards","avatar":"https://reqres.in/img/faces/11-image.jpg"},{"id":12,"email":"rachel.howell@reqres.in","first_name":"Rachel","last_name":"Howell","avatar":"https://reqres.in/img/faces/12-image.jpg"}],"support":{"url":"https://reqres.in/#support-heading","text":"To keep ReqRes free, contributions towards server costs are appreciated!"}} 
 </msg>
<msg timestamp="20211214 14:30:14.497" level="INFO">${response} = &lt;Response [200]&gt;</msg>
<status status="PASS" starttime="20211214 14:30:14.273" endtime="20211214 14:30:14.497"/>
</kw>
<kw name="Status Should Be" library="RequestsLibrary">
<arg>200</arg>
<doc>Fails if response status code is different than the expected.</doc>
<status status="PASS" starttime="20211214 14:30:14.497" endtime="20211214 14:30:14.497"/>
</kw>
<status status="PASS" starttime="20211214 14:30:14.273" endtime="20211214 14:30:14.497"/>
</test>
<test id="s1-s1-t3" name="Verify that data gets displayed using &quot;BASEFILE&quot; generic method">
<kw name="Catenate" library="BuiltIn">
<var>${api_url}</var>
<arg>${APIBASE_URL}${User_api}page=${page_number}</arg>
<doc>Catenates the given items together and returns the resulted string.</doc>
<msg timestamp="20211214 14:30:14.499" level="INFO">${api_url} = https://reqres.in/api/users?page=2</msg>
<status status="PASS" starttime="20211214 14:30:14.498" endtime="20211214 14:30:14.499"/>
</kw>
<kw name="Get response from the GET request" library="Basefile">
<var>${response}</var>
<arg>${api_url}</arg>
<kw name="GET" library="RequestsLibrary">
<var>${req_response}</var>
<arg>${api_url}</arg>
<doc>Sends a GET request.</doc>
<msg timestamp="20211214 14:30:14.701" level="INFO">GET Request : url=https://reqres.in/api/users?page=2 
 path_url=/api/users?page=2 
 headers={'User-Agent': 'python-requests/2.26.0', 'Accept-Encoding': 'gzip, deflate', 'Accept': '*/*', 'Connection': 'keep-alive'} 
 body=None 
 </msg>
<msg timestamp="20211214 14:30:14.701" level="INFO">GET Response : url=https://reqres.in/api/users?page=2 
 status=200, reason=OK 
 headers={'Date': 'Tue, 14 Dec 2021 09:02:52 GMT', 'Content-Type': 'application/json; charset=utf-8', 'Transfer-Encoding': 'chunked', 'Connection': 'keep-alive', 'x-powered-by': 'Express', 'access-control-allow-origin': '*', 'etag': 'W/"406-ut0vzoCuidvyMf8arZpMpJ6ZRDw"', 'via': '1.1 vegur', 'Cache-Control': 'max-age=14400', 'CF-Cache-Status': 'HIT', 'Age': '1582', 'Expect-CT': 'max-age=604800, report-uri="https://report-uri.cloudflare.com/cdn-cgi/beacon/expect-ct"', 'Report-To': '{"endpoints":[{"url":"https:\\/\\/a.nel.cloudflare.com\\/report\\/v3?s=B8CUVmndjb2H%2Bt9fjazSgM4W7FxUOt8saSFZ5mC%2BjmUzWHmtUXWVDxvsZD7IP049OoyONiXlzFPggV140uk0KAQnyg4s2znzbGXiszG3RVpBgP2V7iYaU0Zzyig%3D"}],"group":"cf-nel","max_age":604800}', 'NEL': '{"success_fraction":0,"report_to":"cf-nel","max_age":604800}', 'Vary': 'Accept-Encoding', 'Server': 'cloudflare', 'CF-RAY': '6bd6417a6eee85f0-BOM', 'Content-Encoding': 'gzip', 'alt-svc': 'h3=":443"; ma=86400, h3-29=":443"; ma=86400, h3-28=":443"; ma=86400, h3-27=":443"; ma=86400'} 
 body={"page":2,"per_page":6,"total":12,"total_pages":2,"data":[{"id":7,"email":"michael.lawson@reqres.in","first_name":"Michael","last_name":"Lawson","avatar":"https://reqres.in/img/faces/7-image.jpg"},{"id":8,"email":"lindsay.ferguson@reqres.in","first_name":"Lindsay","last_name":"Ferguson","avatar":"https://reqres.in/img/faces/8-image.jpg"},{"id":9,"email":"tobias.funke@reqres.in","first_name":"Tobias","last_name":"Funke","avatar":"https://reqres.in/img/faces/9-image.jpg"},{"id":10,"email":"byron.fields@reqres.in","first_name":"Byron","last_name":"Fields","avatar":"https://reqres.in/img/faces/10-image.jpg"},{"id":11,"email":"george.edwards@reqres.in","first_name":"George","last_name":"Edwards","avatar":"https://reqres.in/img/faces/11-image.jpg"},{"id":12,"email":"rachel.howell@reqres.in","first_name":"Rachel","last_name":"Howell","avatar":"https://reqres.in/img/faces/12-image.jpg"}],"support":{"url":"https://reqres.in/#support-heading","text":"To keep ReqRes free, contributions towards server costs are appreciated!"}} 
 </msg>
<msg timestamp="20211214 14:30:14.702" level="INFO">${req_response} = &lt;Response [200]&gt;</msg>
<status status="PASS" starttime="20211214 14:30:14.499" endtime="20211214 14:30:14.702"/>
</kw>
<msg timestamp="20211214 14:30:14.702" level="INFO">${response} = &lt;Response [200]&gt;</msg>
<status status="PASS" starttime="20211214 14:30:14.499" endtime="20211214 14:30:14.702"/>
</kw>
<kw name="Status Should Be" library="RequestsLibrary">
<arg>200</arg>
<doc>Fails if response status code is different than the expected.</doc>
<status status="PASS" starttime="20211214 14:30:14.702" endtime="20211214 14:30:14.703"/>
</kw>
<status status="PASS" starttime="20211214 14:30:14.498" endtime="20211214 14:30:14.704"/>
</test>
<test id="s1-s1-t4" name="Verify that user gets created with POST request">
<kw name="Create Dictionary" library="BuiltIn">
<var>${body}</var>
<arg>name=vivek003</arg>
<arg>job=QA</arg>
<doc>Creates and returns a dictionary based on the given ``items``.</doc>
<msg timestamp="20211214 14:30:14.705" level="INFO">${body} = {'name': 'vivek003', 'job': 'QA'}</msg>
<status status="PASS" starttime="20211214 14:30:14.705" endtime="20211214 14:30:14.705"/>
</kw>
<kw name="Create Dictionary" library="BuiltIn">
<var>${header}</var>
<arg>Content-Type=text/plain</arg>
<doc>Creates and returns a dictionary based on the given ``items``.</doc>
<msg timestamp="20211214 14:30:14.706" level="INFO">${header} = {'Content-Type': 'text/plain'}</msg>
<status status="PASS" starttime="20211214 14:30:14.705" endtime="20211214 14:30:14.706"/>
</kw>
<kw name="POST" library="RequestsLibrary">
<var>${string_resp}</var>
<arg>${APIBASE_URL}/api/users</arg>
<arg>data=${body}</arg>
<arg>headers=${header}</arg>
<doc>Sends a POST request.</doc>
<msg timestamp="20211214 14:30:15.428" level="INFO">POST Request : url=https://reqres.in/api/users 
 path_url=/api/users 
 headers={'User-Agent': 'python-requests/2.26.0', 'Accept-Encoding': 'gzip, deflate', 'Accept': '*/*', 'Connection': 'keep-alive', 'Content-Type': 'text/plain', 'Content-Length': '20'} 
 body=name=vivek003&amp;job=QA 
 </msg>
<msg timestamp="20211214 14:30:15.428" level="INFO">POST Response : url=https://reqres.in/api/users 
 status=201, reason=Created 
 headers={'Date': 'Tue, 14 Dec 2021 09:02:53 GMT', 'Content-Type': 'application/json; charset=utf-8', 'Content-Length': '51', 'Connection': 'keep-alive', 'x-powered-by': 'Express', 'access-control-allow-origin': '*', 'etag': 'W/"33-H/cUptjhW3eX7aqk6Xor9R2wlYo"', 'via': '1.1 vegur', 'CF-Cache-Status': 'DYNAMIC', 'Expect-CT': 'max-age=604800, report-uri="https://report-uri.cloudflare.com/cdn-cgi/beacon/expect-ct"', 'Report-To': '{"endpoints":[{"url":"https:\\/\\/a.nel.cloudflare.com\\/report\\/v3?s=gfc7T4llneg9vn%2BzLW67shoHEE6eiecq9gBqmq8guwjnW6IZVOjqhlo0fsYgaXvcK5lQ6BjtOZxniKjx6aHl%2B6La39hndMA0hcfGBWT%2BSZj94o7ofvJhU4VmJLc%3D"}],"group":"cf-nel","max_age":604800}', 'NEL': '{"success_fraction":0,"report_to":"cf-nel","max_age":604800}', 'Server': 'cloudflare', 'CF-RAY': '6bd6417c0cae6ee6-BOM', 'alt-svc': 'h3=":443"; ma=86400, h3-29=":443"; ma=86400, h3-28=":443"; ma=86400, h3-27=":443"; ma=86400'} 
 body={"id":"194","createdAt":"2021-12-14T09:02:53.116Z"} 
 </msg>
<msg timestamp="20211214 14:30:15.429" level="INFO">${string_resp} = &lt;Response [201]&gt;</msg>
<status status="PASS" starttime="20211214 14:30:14.707" endtime="20211214 14:30:15.429"/>
</kw>
<kw name="Convert String to JSON" library="JSONLibrary">
<var>${json_resp}</var>
<arg>${string_resp.content}</arg>
<doc>Convert String to JSON object</doc>
<msg timestamp="20211214 14:30:15.431" level="INFO">${json_resp} = {'id': '194', 'createdAt': '2021-12-14T09:02:53.116Z'}</msg>
<status status="PASS" starttime="20211214 14:30:15.430" endtime="20211214 14:30:15.431"/>
</kw>
<kw name="Get Value From Json" library="JSONLibrary">
<var>${user_id}</var>
<arg>${json_resp}</arg>
<arg>$.id</arg>
<doc>Get Value From JSON using JSONPath</doc>
<msg timestamp="20211214 14:30:15.458" level="INFO">${user_id} = ['194']</msg>
<status status="PASS" starttime="20211214 14:30:15.432" endtime="20211214 14:30:15.458"/>
</kw>
<kw name="Log" library="BuiltIn">
<arg>${user_id}</arg>
<doc>Logs the given message with the given level.</doc>
<msg timestamp="20211214 14:30:15.460" level="INFO">['194']</msg>
<status status="PASS" starttime="20211214 14:30:15.458" endtime="20211214 14:30:15.460"/>
</kw>
<kw name="Status Should Be" library="RequestsLibrary">
<arg>201</arg>
<doc>Fails if response status code is different than the expected.</doc>
<status status="PASS" starttime="20211214 14:30:15.460" endtime="20211214 14:30:15.461"/>
</kw>
<status status="PASS" starttime="20211214 14:30:14.704" endtime="20211214 14:30:15.461"/>
</test>
<status status="PASS" starttime="20211214 14:30:13.683" endtime="20211214 14:30:15.462"/>
</suite>
<suite id="s1-s2" name="APITest DataDriver" source="D:\projects\automationworkspace\OpenCart\TestCases\APITest_DataDriver.robot">
<test id="s1-s2-t1" name="Verify that user should get created">
<kw name="Add user">
<arg>Vivek001</arg>
<arg>QA</arg>
<kw name="Create Dictionary" library="BuiltIn">
<var>${body}</var>
<arg>name=${name}</arg>
<arg>job=${job}</arg>
<doc>Creates and returns a dictionary based on the given ``items``.</doc>
<msg timestamp="20211214 14:30:14.456" level="INFO">${body} = {'name': 'Vivek001', 'job': 'QA'}</msg>
<status status="PASS" starttime="20211214 14:30:14.455" endtime="20211214 14:30:14.456"/>
</kw>
<kw name="Create Dictionary" library="BuiltIn">
<var>${header}</var>
<arg>Content-Type=text/plain</arg>
<doc>Creates and returns a dictionary based on the given ``items``.</doc>
<msg timestamp="20211214 14:30:14.457" level="INFO">${header} = {'Content-Type': 'text/plain'}</msg>
<status status="PASS" starttime="20211214 14:30:14.456" endtime="20211214 14:30:14.457"/>
</kw>
<kw name="Catenate" library="BuiltIn">
<var>${api_url}</var>
<arg>${APIBASE_URL}/api/users</arg>
<doc>Catenates the given items together and returns the resulted string.</doc>
<msg timestamp="20211214 14:30:14.457" level="INFO">${api_url} = https://reqres.in/api/users</msg>
<status status="PASS" starttime="20211214 14:30:14.457" endtime="20211214 14:30:14.457"/>
</kw>
<kw name="Get response from the PUT request" library="Basefile">
<var>${string_resp}</var>
<arg>${api_url}</arg>
<arg>${body}</arg>
<arg>${header}</arg>
<kw name="POST" library="RequestsLibrary">
<var>${string_resp}</var>
<arg>${api_url}</arg>
<arg>data=${body}</arg>
<arg>headers=${header}</arg>
<doc>Sends a POST request.</doc>
<msg timestamp="20211214 14:30:15.229" level="INFO">POST Request : url=https://reqres.in/api/users 
 path_url=/api/users 
 headers={'User-Agent': 'python-requests/2.26.0', 'Accept-Encoding': 'gzip, deflate', 'Accept': '*/*', 'Connection': 'keep-alive', 'Content-Type': 'text/plain', 'Content-Length': '20'} 
 body=name=Vivek001&amp;job=QA 
 </msg>
<msg timestamp="20211214 14:30:15.229" level="INFO">POST Response : url=https://reqres.in/api/users 
 status=201, reason=Created 
 headers={'Date': 'Tue, 14 Dec 2021 09:02:53 GMT', 'Content-Type': 'application/json; charset=utf-8', 'Content-Length': '51', 'Connection': 'keep-alive', 'x-powered-by': 'Express', 'access-control-allow-origin': '*', 'etag': 'W/"33-cunvH1kdVQwwCLfhWMWcuo+P6x8"', 'via': '1.1 vegur', 'CF-Cache-Status': 'DYNAMIC', 'Expect-CT': 'max-age=604800, report-uri="https://report-uri.cloudflare.com/cdn-cgi/beacon/expect-ct"', 'Report-To': '{"endpoints":[{"url":"https:\\/\\/a.nel.cloudflare.com\\/report\\/v3?s=RZFYcn8w8C1u2jgM9A%2BlGyM4PyTGEcbqAWjvIYZ%2BiF7583Q7l1rMSjcXFsRgycYXcj2JItdC9nkVAYJzcyoIXLHeu90RN%2B5dAdDIQsUusV4flgbsdd3JdmyQLtc%3D"}],"group":"cf-nel","max_age":604800}', 'NEL': '{"success_fraction":0,"report_to":"cf-nel","max_age":604800}', 'Server': 'cloudflare', 'CF-RAY': '6bd6417a683785e5-BOM', 'alt-svc': 'h3=":443"; ma=86400, h3-29=":443"; ma=86400, h3-28=":443"; ma=86400, h3-27=":443"; ma=86400'} 
 body={"id":"385","createdAt":"2021-12-14T09:02:52.853Z"} 
 </msg>
<msg timestamp="20211214 14:30:15.229" level="INFO">${string_resp} = &lt;Response [201]&gt;</msg>
<status status="PASS" starttime="20211214 14:30:14.458" endtime="20211214 14:30:15.229"/>
</kw>
<kw name="Convert String to JSON" library="JSONLibrary">
<var>${json_resp}</var>
<arg>${string_resp.content}</arg>
<doc>Convert String to JSON object</doc>
<msg timestamp="20211214 14:30:15.232" level="INFO">${json_resp} = {'id': '385', 'createdAt': '2021-12-14T09:02:52.853Z'}</msg>
<status status="PASS" starttime="20211214 14:30:15.230" endtime="20211214 14:30:15.232"/>
</kw>
<msg timestamp="20211214 14:30:15.232" level="INFO">${string_resp} = {'id': '385', 'createdAt': '2021-12-14T09:02:52.853Z'}</msg>
<status status="PASS" starttime="20211214 14:30:14.457" endtime="20211214 14:30:15.232"/>
</kw>
<kw name="Get Value From Json" library="JSONLibrary">
<var>${user_id}</var>
<arg>${string_resp}</arg>
<arg>$.id</arg>
<doc>Get Value From JSON using JSONPath</doc>
<msg timestamp="20211214 14:30:15.255" level="INFO">${user_id} = ['385']</msg>
<status status="PASS" starttime="20211214 14:30:15.233" endtime="20211214 14:30:15.255"/>
</kw>
<kw name="Log" library="BuiltIn">
<arg>${user_id}</arg>
<doc>Logs the given message with the given level.</doc>
<msg timestamp="20211214 14:30:15.256" level="INFO">['385']</msg>
<status status="PASS" starttime="20211214 14:30:15.255" endtime="20211214 14:30:15.256"/>
</kw>
<kw name="Status Should Be" library="RequestsLibrary">
<arg>201</arg>
<doc>Fails if response status code is different than the expected.</doc>
<status status="PASS" starttime="20211214 14:30:15.256" endtime="20211214 14:30:15.256"/>
</kw>
<status status="PASS" starttime="20211214 14:30:14.455" endtime="20211214 14:30:15.256"/>
</kw>
<status status="PASS" starttime="20211214 14:30:14.453" endtime="20211214 14:30:15.256"/>
</test>
<test id="s1-s2-t2" name="Verify that user should get created">
<kw name="Add user">
<arg>Jatin</arg>
<arg>Robot</arg>
<kw name="Create Dictionary" library="BuiltIn">
<var>${body}</var>
<arg>name=${name}</arg>
<arg>job=${job}</arg>
<doc>Creates and returns a dictionary based on the given ``items``.</doc>
<msg timestamp="20211214 14:30:15.259" level="INFO">${body} = {'name': 'Jatin', 'job': 'Robot'}</msg>
<status status="PASS" starttime="20211214 14:30:15.258" endtime="20211214 14:30:15.259"/>
</kw>
<kw name="Create Dictionary" library="BuiltIn">
<var>${header}</var>
<arg>Content-Type=text/plain</arg>
<doc>Creates and returns a dictionary based on the given ``items``.</doc>
<msg timestamp="20211214 14:30:15.259" level="INFO">${header} = {'Content-Type': 'text/plain'}</msg>
<status status="PASS" starttime="20211214 14:30:15.259" endtime="20211214 14:30:15.259"/>
</kw>
<kw name="Catenate" library="BuiltIn">
<var>${api_url}</var>
<arg>${APIBASE_URL}/api/users</arg>
<doc>Catenates the given items together and returns the resulted string.</doc>
<msg timestamp="20211214 14:30:15.260" level="INFO">${api_url} = https://reqres.in/api/users</msg>
<status status="PASS" starttime="20211214 14:30:15.259" endtime="20211214 14:30:15.260"/>
</kw>
<kw name="Get response from the PUT request" library="Basefile">
<var>${string_resp}</var>
<arg>${api_url}</arg>
<arg>${body}</arg>
<arg>${header}</arg>
<kw name="POST" library="RequestsLibrary">
<var>${string_resp}</var>
<arg>${api_url}</arg>
<arg>data=${body}</arg>
<arg>headers=${header}</arg>
<doc>Sends a POST request.</doc>
<msg timestamp="20211214 14:30:15.968" level="INFO">POST Request : url=https://reqres.in/api/users 
 path_url=/api/users 
 headers={'User-Agent': 'python-requests/2.26.0', 'Accept-Encoding': 'gzip, deflate', 'Accept': '*/*', 'Connection': 'keep-alive', 'Content-Type': 'text/plain', 'Content-Length': '20'} 
 body=name=Jatin&amp;job=Robot 
 </msg>
<msg timestamp="20211214 14:30:15.968" level="INFO">POST Response : url=https://reqres.in/api/users 
 status=201, reason=Created 
 headers={'Date': 'Tue, 14 Dec 2021 09:02:53 GMT', 'Content-Type': 'application/json; charset=utf-8', 'Content-Length': '51', 'Connection': 'keep-alive', 'x-powered-by': 'Express', 'access-control-allow-origin': '*', 'etag': 'W/"33-aHacqvD+c0Bn90PwqzfRAIzGCd0"', 'via': '1.1 vegur', 'CF-Cache-Status': 'DYNAMIC', 'Expect-CT': 'max-age=604800, report-uri="https://report-uri.cloudflare.com/cdn-cgi/beacon/expect-ct"', 'Report-To': '{"endpoints":[{"url":"https:\\/\\/a.nel.cloudflare.com\\/report\\/v3?s=0MxHfDBKqC%2BUapH%2BgUMgxfbuRwlNHwwIvTWGZBh4RVsS9zHiHGIXc78nr9Ir3qf0Oxknj59s3U7ao4%2BQmdXMet1cLgx8%2Fd9%2B290PLzcZVDXeAvvFd9nkrdP1B5U%3D"}],"group":"cf-nel","max_age":604800}', 'NEL': '{"success_fraction":0,"report_to":"cf-nel","max_age":604800}', 'Server': 'cloudflare', 'CF-RAY': '6bd6417f4c3a31a5-BOM', 'alt-svc': 'h3=":443"; ma=86400, h3-29=":443"; ma=86400, h3-28=":443"; ma=86400, h3-27=":443"; ma=86400'} 
 body={"id":"960","createdAt":"2021-12-14T09:02:53.643Z"} 
 </msg>
<msg timestamp="20211214 14:30:15.968" level="INFO">${string_resp} = &lt;Response [201]&gt;</msg>
<status status="PASS" starttime="20211214 14:30:15.260" endtime="20211214 14:30:15.968"/>
</kw>
<kw name="Convert String to JSON" library="JSONLibrary">
<var>${json_resp}</var>
<arg>${string_resp.content}</arg>
<doc>Convert String to JSON object</doc>
<msg timestamp="20211214 14:30:15.969" level="INFO">${json_resp} = {'id': '960', 'createdAt': '2021-12-14T09:02:53.643Z'}</msg>
<status status="PASS" starttime="20211214 14:30:15.968" endtime="20211214 14:30:15.969"/>
</kw>
<msg timestamp="20211214 14:30:15.969" level="INFO">${string_resp} = {'id': '960', 'createdAt': '2021-12-14T09:02:53.643Z'}</msg>
<status status="PASS" starttime="20211214 14:30:15.260" endtime="20211214 14:30:15.969"/>
</kw>
<kw name="Get Value From Json" library="JSONLibrary">
<var>${user_id}</var>
<arg>${string_resp}</arg>
<arg>$.id</arg>
<doc>Get Value From JSON using JSONPath</doc>
<msg timestamp="20211214 14:30:15.987" level="INFO">${user_id} = ['960']</msg>
<status status="PASS" starttime="20211214 14:30:15.969" endtime="20211214 14:30:15.987"/>
</kw>
<kw name="Log" library="BuiltIn">
<arg>${user_id}</arg>
<doc>Logs the given message with the given level.</doc>
<msg timestamp="20211214 14:30:15.988" level="INFO">['960']</msg>
<status status="PASS" starttime="20211214 14:30:15.987" endtime="20211214 14:30:15.988"/>
</kw>
<kw name="Status Should Be" library="RequestsLibrary">
<arg>201</arg>
<doc>Fails if response status code is different than the expected.</doc>
<status status="PASS" starttime="20211214 14:30:15.988" endtime="20211214 14:30:15.988"/>
</kw>
<status status="PASS" starttime="20211214 14:30:15.258" endtime="20211214 14:30:15.988"/>
</kw>
<status status="PASS" starttime="20211214 14:30:15.257" endtime="20211214 14:30:15.988"/>
</test>
<test id="s1-s2-t3" name="Verify that user should get created">
<kw name="Add user">
<arg>Robot</arg>
<arg>Python</arg>
<kw name="Create Dictionary" library="BuiltIn">
<var>${body}</var>
<arg>name=${name}</arg>
<arg>job=${job}</arg>
<doc>Creates and returns a dictionary based on the given ``items``.</doc>
<msg timestamp="20211214 14:30:15.991" level="INFO">${body} = {'name': 'Robot', 'job': 'Python'}</msg>
<status status="PASS" starttime="20211214 14:30:15.990" endtime="20211214 14:30:15.991"/>
</kw>
<kw name="Create Dictionary" library="BuiltIn">
<var>${header}</var>
<arg>Content-Type=text/plain</arg>
<doc>Creates and returns a dictionary based on the given ``items``.</doc>
<msg timestamp="20211214 14:30:15.991" level="INFO">${header} = {'Content-Type': 'text/plain'}</msg>
<status status="PASS" starttime="20211214 14:30:15.991" endtime="20211214 14:30:15.991"/>
</kw>
<kw name="Catenate" library="BuiltIn">
<var>${api_url}</var>
<arg>${APIBASE_URL}/api/users</arg>
<doc>Catenates the given items together and returns the resulted string.</doc>
<msg timestamp="20211214 14:30:15.992" level="INFO">${api_url} = https://reqres.in/api/users</msg>
<status status="PASS" starttime="20211214 14:30:15.991" endtime="20211214 14:30:15.992"/>
</kw>
<kw name="Get response from the PUT request" library="Basefile">
<var>${string_resp}</var>
<arg>${api_url}</arg>
<arg>${body}</arg>
<arg>${header}</arg>
<kw name="POST" library="RequestsLibrary">
<var>${string_resp}</var>
<arg>${api_url}</arg>
<arg>data=${body}</arg>
<arg>headers=${header}</arg>
<doc>Sends a POST request.</doc>
<msg timestamp="20211214 14:30:16.658" level="INFO">POST Request : url=https://reqres.in/api/users 
 path_url=/api/users 
 headers={'User-Agent': 'python-requests/2.26.0', 'Accept-Encoding': 'gzip, deflate', 'Accept': '*/*', 'Connection': 'keep-alive', 'Content-Type': 'text/plain', 'Content-Length': '21'} 
 body=name=Robot&amp;job=Python 
 </msg>
<msg timestamp="20211214 14:30:16.658" level="INFO">POST Response : url=https://reqres.in/api/users 
 status=201, reason=Created 
 headers={'Date': 'Tue, 14 Dec 2021 09:02:54 GMT', 'Content-Type': 'application/json; charset=utf-8', 'Content-Length': '51', 'Connection': 'keep-alive', 'x-powered-by': 'Express', 'access-control-allow-origin': '*', 'etag': 'W/"33-FriXCJ+Dky1rW5N5j7BmNdMu914"', 'via': '1.1 vegur', 'CF-Cache-Status': 'DYNAMIC', 'Expect-CT': 'max-age=604800, report-uri="https://report-uri.cloudflare.com/cdn-cgi/beacon/expect-ct"', 'Report-To': '{"endpoints":[{"url":"https:\\/\\/a.nel.cloudflare.com\\/report\\/v3?s=jL9NlGzbpSGcMxeZdQh%2F50b6R04LLP4ysPpfP9x3IebR06zz8PkgTeS8uH8KNUukUmFspVlck7Ur61rQhaH1IBXypZh6IK%2B%2Fta6LOjLKtQAtXpvuS1uYaX10R4A%3D"}],"group":"cf-nel","max_age":604800}', 'NEL': '{"success_fraction":0,"report_to":"cf-nel","max_age":604800}', 'Server': 'cloudflare', 'CF-RAY': '6bd64183bd3a84f5-BOM', 'alt-svc': 'h3=":443"; ma=86400, h3-29=":443"; ma=86400, h3-28=":443"; ma=86400, h3-27=":443"; ma=86400'} 
 body={"id":"226","createdAt":"2021-12-14T09:02:54.348Z"} 
 </msg>
<msg timestamp="20211214 14:30:16.658" level="INFO">${string_resp} = &lt;Response [201]&gt;</msg>
<status status="PASS" starttime="20211214 14:30:15.992" endtime="20211214 14:30:16.658"/>
</kw>
<kw name="Convert String to JSON" library="JSONLibrary">
<var>${json_resp}</var>
<arg>${string_resp.content}</arg>
<doc>Convert String to JSON object</doc>
<msg timestamp="20211214 14:30:16.660" level="INFO">${json_resp} = {'id': '226', 'createdAt': '2021-12-14T09:02:54.348Z'}</msg>
<status status="PASS" starttime="20211214 14:30:16.659" endtime="20211214 14:30:16.660"/>
</kw>
<msg timestamp="20211214 14:30:16.660" level="INFO">${string_resp} = {'id': '226', 'createdAt': '2021-12-14T09:02:54.348Z'}</msg>
<status status="PASS" starttime="20211214 14:30:15.992" endtime="20211214 14:30:16.660"/>
</kw>
<kw name="Get Value From Json" library="JSONLibrary">
<var>${user_id}</var>
<arg>${string_resp}</arg>
<arg>$.id</arg>
<doc>Get Value From JSON using JSONPath</doc>
<msg timestamp="20211214 14:30:16.687" level="INFO">${user_id} = ['226']</msg>
<status status="PASS" starttime="20211214 14:30:16.660" endtime="20211214 14:30:16.687"/>
</kw>
<kw name="Log" library="BuiltIn">
<arg>${user_id}</arg>
<doc>Logs the given message with the given level.</doc>
<msg timestamp="20211214 14:30:16.688" level="INFO">['226']</msg>
<status status="PASS" starttime="20211214 14:30:16.687" endtime="20211214 14:30:16.688"/>
</kw>
<kw name="Status Should Be" library="RequestsLibrary">
<arg>201</arg>
<doc>Fails if response status code is different than the expected.</doc>
<status status="PASS" starttime="20211214 14:30:16.688" endtime="20211214 14:30:16.688"/>
</kw>
<status status="PASS" starttime="20211214 14:30:15.990" endtime="20211214 14:30:16.688"/>
</kw>
<status status="PASS" starttime="20211214 14:30:15.989" endtime="20211214 14:30:16.688"/>
</test>
<status status="PASS" starttime="20211214 14:30:13.676" endtime="20211214 14:30:16.689"/>
</suite>
<suite id="s1-s3" name="AdminLogin CSV DataDriver Test" source="D:\projects\automationworkspace\OpenCart\TestCases\AdminLogin_CSV_DataDriver_Test.robot">
<test id="s1-s3-t1" name="verifyy that user should be able to login into the application">
<kw name="Launch application" library="Basefile" type="SETUP">
<arg>${BROWSER}</arg>
<arg>${ADMINBASEURL}</arg>
<kw name="Open Browser" library="SeleniumLibrary">
<arg>about:blank</arg>
<arg>${browserName}</arg>
<doc>Opens a new browser instance to the given ``url``.</doc>
<msg timestamp="20211214 14:30:13.860" level="INFO">Opening browser 'chrome' to base url 'about:blank'.</msg>
<status status="PASS" starttime="20211214 14:30:13.859" endtime="20211214 14:30:15.412"/>
</kw>
<kw name="Maximize Browser Window" library="SeleniumLibrary">
<doc>Maximizes current browser window.</doc>
<status status="PASS" starttime="20211214 14:30:15.412" endtime="20211214 14:30:15.534"/>
</kw>
<kw name="Go To" library="SeleniumLibrary">
<arg>${user_base_url}</arg>
<doc>Navigates the active browser instance to the provided ``url``.</doc>
<msg timestamp="20211214 14:30:15.535" level="INFO">Opening url 'https://demo.opencart.com/admin/'</msg>
<status status="PASS" starttime="20211214 14:30:15.534" endtime="20211214 14:30:19.942"/>
</kw>
<status status="PASS" starttime="20211214 14:30:13.859" endtime="20211214 14:30:19.942"/>
</kw>
<kw name="Login with multiple data using CSV">
<arg>vivek</arg>
<arg>vivek_testpassword</arg>
<tag>Regression</tag>
<kw name="Login into the application" library="AdminLoginPage">
<kw name="Enter text" library="Basefile">
<arg>${ADMIN_EMAIL_ID}</arg>
<arg>${USEREMAIL}</arg>
<kw name="Input Text" library="SeleniumLibrary">
<arg>${web_element}</arg>
<arg>${input_text}</arg>
<doc>Types the given ``text`` into text field identified by ``locator``.</doc>
<msg timestamp="20211214 14:30:19.944" level="INFO">Typing text 'demo' into text field 'id=input-username'.</msg>
<status status="PASS" starttime="20211214 14:30:19.943" endtime="20211214 14:30:20.031"/>
</kw>
<status status="PASS" starttime="20211214 14:30:19.943" endtime="20211214 14:30:20.032"/>
</kw>
<kw name="Enter text" library="Basefile">
<arg>${ADMIN_PASSWORD_ID}</arg>
<arg>${PASSWORD}</arg>
<kw name="Input Text" library="SeleniumLibrary">
<arg>${web_element}</arg>
<arg>${input_text}</arg>
<doc>Types the given ``text`` into text field identified by ``locator``.</doc>
<msg timestamp="20211214 14:30:20.034" level="INFO">Typing text 'demo' into text field 'id=input-password'.</msg>
<status status="PASS" starttime="20211214 14:30:20.034" endtime="20211214 14:30:20.116"/>
</kw>
<status status="PASS" starttime="20211214 14:30:20.032" endtime="20211214 14:30:20.116"/>
</kw>
<kw name="Click on the button" library="Basefile">
<arg>${ADMIN_LOGIN_BTN_XPATH}</arg>
<kw name="Click Button" library="SeleniumLibrary">
<arg>${web_element}</arg>
<doc>Clicks button identified by ``locator``.</doc>
<msg timestamp="20211214 14:30:20.117" level="INFO">Clicking button 'xpath=//button[@class='btn btn-primary']'.</msg>
<status status="PASS" starttime="20211214 14:30:20.117" endtime="20211214 14:30:23.002"/>
</kw>
<status status="PASS" starttime="20211214 14:30:20.116" endtime="20211214 14:30:23.002"/>
</kw>
<status status="PASS" starttime="20211214 14:30:19.943" endtime="20211214 14:30:23.002"/>
</kw>
<kw name="Then title should be" library="SeleniumLibrary">
<arg>Dashboard</arg>
<doc>Verifies that current page title equals ``title``.</doc>
<msg timestamp="20211214 14:30:23.006" level="INFO">Page title is 'Dashboard'.</msg>
<status status="PASS" starttime="20211214 14:30:23.003" endtime="20211214 14:30:23.007"/>
</kw>
<status status="PASS" starttime="20211214 14:30:19.942" endtime="20211214 14:30:23.007"/>
</kw>
<kw name="Close browser session" library="Basefile" type="TEARDOWN">
<kw name="Close Browser" library="SeleniumLibrary">
<doc>Closes the current browser.</doc>
<status status="PASS" starttime="20211214 14:30:23.008" endtime="20211214 14:30:26.044"/>
</kw>
<status status="PASS" starttime="20211214 14:30:23.007" endtime="20211214 14:30:26.044"/>
</kw>
<status status="PASS" starttime="20211214 14:30:13.857" endtime="20211214 14:30:26.044"/>
</test>
<test id="s1-s3-t2" name="verifyy that user should be able to login into the application">
<kw name="Launch application" library="Basefile" type="SETUP">
<arg>${BROWSER}</arg>
<arg>${ADMINBASEURL}</arg>
<kw name="Open Browser" library="SeleniumLibrary">
<arg>about:blank</arg>
<arg>${browserName}</arg>
<doc>Opens a new browser instance to the given ``url``.</doc>
<msg timestamp="20211214 14:30:26.048" level="INFO">Opening browser 'chrome' to base url 'about:blank'.</msg>
<status status="PASS" starttime="20211214 14:30:26.048" endtime="20211214 14:30:27.416"/>
</kw>
<kw name="Maximize Browser Window" library="SeleniumLibrary">
<doc>Maximizes current browser window.</doc>
<status status="PASS" starttime="20211214 14:30:27.416" endtime="20211214 14:30:27.565"/>
</kw>
<kw name="Go To" library="SeleniumLibrary">
<arg>${user_base_url}</arg>
<doc>Navigates the active browser instance to the provided ``url``.</doc>
<msg timestamp="20211214 14:30:27.566" level="INFO">Opening url 'https://demo.opencart.com/admin/'</msg>
<status status="PASS" starttime="20211214 14:30:27.566" endtime="20211214 14:30:29.409"/>
</kw>
<status status="PASS" starttime="20211214 14:30:26.047" endtime="20211214 14:30:29.409"/>
</kw>
<kw name="Login with multiple data using CSV">
<arg>trantor</arg>
<arg>trantor_passwordtest</arg>
<tag>Regression</tag>
<kw name="Login into the application" library="AdminLoginPage">
<kw name="Enter text" library="Basefile">
<arg>${ADMIN_EMAIL_ID}</arg>
<arg>${USEREMAIL}</arg>
<kw name="Input Text" library="SeleniumLibrary">
<arg>${web_element}</arg>
<arg>${input_text}</arg>
<doc>Types the given ``text`` into text field identified by ``locator``.</doc>
<msg timestamp="20211214 14:30:29.411" level="INFO">Typing text 'demo' into text field 'id=input-username'.</msg>
<status status="PASS" starttime="20211214 14:30:29.410" endtime="20211214 14:30:29.498"/>
</kw>
<status status="PASS" starttime="20211214 14:30:29.410" endtime="20211214 14:30:29.498"/>
</kw>
<kw name="Enter text" library="Basefile">
<arg>${ADMIN_PASSWORD_ID}</arg>
<arg>${PASSWORD}</arg>
<kw name="Input Text" library="SeleniumLibrary">
<arg>${web_element}</arg>
<arg>${input_text}</arg>
<doc>Types the given ``text`` into text field identified by ``locator``.</doc>
<msg timestamp="20211214 14:30:29.500" level="INFO">Typing text 'demo' into text field 'id=input-password'.</msg>
<status status="PASS" starttime="20211214 14:30:29.500" endtime="20211214 14:30:29.575"/>
</kw>
<status status="PASS" starttime="20211214 14:30:29.499" endtime="20211214 14:30:29.576"/>
</kw>
<kw name="Click on the button" library="Basefile">
<arg>${ADMIN_LOGIN_BTN_XPATH}</arg>
<kw name="Click Button" library="SeleniumLibrary">
<arg>${web_element}</arg>
<doc>Clicks button identified by ``locator``.</doc>
<msg timestamp="20211214 14:30:29.578" level="INFO">Clicking button 'xpath=//button[@class='btn btn-primary']'.</msg>
<status status="PASS" starttime="20211214 14:30:29.577" endtime="20211214 14:30:32.244"/>
</kw>
<status status="PASS" starttime="20211214 14:30:29.576" endtime="20211214 14:30:32.245"/>
</kw>
<status status="PASS" starttime="20211214 14:30:29.410" endtime="20211214 14:30:32.245"/>
</kw>
<kw name="Then title should be" library="SeleniumLibrary">
<arg>Dashboard</arg>
<doc>Verifies that current page title equals ``title``.</doc>
<msg timestamp="20211214 14:30:32.252" level="INFO">Page title is 'Dashboard'.</msg>
<status status="PASS" starttime="20211214 14:30:32.246" endtime="20211214 14:30:32.252"/>
</kw>
<status status="PASS" starttime="20211214 14:30:29.409" endtime="20211214 14:30:32.252"/>
</kw>
<kw name="Close browser session" library="Basefile" type="TEARDOWN">
<kw name="Close Browser" library="SeleniumLibrary">
<doc>Closes the current browser.</doc>
<status status="PASS" starttime="20211214 14:30:32.253" endtime="20211214 14:30:35.190"/>
</kw>
<status status="PASS" starttime="20211214 14:30:32.253" endtime="20211214 14:30:35.190"/>
</kw>
<status status="PASS" starttime="20211214 14:30:26.044" endtime="20211214 14:30:35.191"/>
</test>
<status status="PASS" starttime="20211214 14:30:13.682" endtime="20211214 14:30:35.193"/>
</suite>
<suite id="s1-s4" name="AdminLogin CSV DataManager Test" source="D:\projects\automationworkspace\OpenCart\TestCases\AdminLogin_CSV_DataManager_Test.robot">
<test id="s1-s4-t1" name="Verify that user land on Administration page">
<kw name="Launch application" library="Basefile" type="SETUP">
<arg>${BROWSER}</arg>
<arg>${ADMINBASEURL}</arg>
<kw name="Open Browser" library="SeleniumLibrary">
<arg>about:blank</arg>
<arg>${browserName}</arg>
<doc>Opens a new browser instance to the given ``url``.</doc>
<msg timestamp="20211214 14:30:16.877" level="INFO">Opening browser 'chrome' to base url 'about:blank'.</msg>
<status status="PASS" starttime="20211214 14:30:16.877" endtime="20211214 14:30:18.387"/>
</kw>
<kw name="Maximize Browser Window" library="SeleniumLibrary">
<doc>Maximizes current browser window.</doc>
<status status="PASS" starttime="20211214 14:30:18.387" endtime="20211214 14:30:18.620"/>
</kw>
<kw name="Go To" library="SeleniumLibrary">
<arg>${user_base_url}</arg>
<doc>Navigates the active browser instance to the provided ``url``.</doc>
<msg timestamp="20211214 14:30:18.620" level="INFO">Opening url 'https://demo.opencart.com/admin/'</msg>
<status status="PASS" starttime="20211214 14:30:18.620" endtime="20211214 14:30:20.686"/>
</kw>
<status status="PASS" starttime="20211214 14:30:16.876" endtime="20211214 14:30:20.686"/>
</kw>
<kw name="Title Should Be" library="SeleniumLibrary">
<arg>Administration</arg>
<doc>Verifies that current page title equals ``title``.</doc>
<msg timestamp="20211214 14:30:20.692" level="INFO">Page title is 'Administration'.</msg>
<status status="PASS" starttime="20211214 14:30:20.687" endtime="20211214 14:30:20.692"/>
</kw>
<kw name="Close browser session" library="Basefile" type="TEARDOWN">
<kw name="Close Browser" library="SeleniumLibrary">
<doc>Closes the current browser.</doc>
<status status="PASS" starttime="20211214 14:30:20.694" endtime="20211214 14:30:23.767"/>
</kw>
<status status="PASS" starttime="20211214 14:30:20.693" endtime="20211214 14:30:23.767"/>
</kw>
<status status="PASS" starttime="20211214 14:30:16.876" endtime="20211214 14:30:23.767"/>
</test>
<test id="s1-s4-t2" name="Verify that user should be able to login with different data">
<kw name="Launch application" library="Basefile" type="SETUP">
<arg>${BROWSER}</arg>
<arg>${ADMINBASEURL}</arg>
<kw name="Open Browser" library="SeleniumLibrary">
<arg>about:blank</arg>
<arg>${browserName}</arg>
<doc>Opens a new browser instance to the given ``url``.</doc>
<msg timestamp="20211214 14:30:23.771" level="INFO">Opening browser 'chrome' to base url 'about:blank'.</msg>
<status status="PASS" starttime="20211214 14:30:23.769" endtime="20211214 14:30:25.071"/>
</kw>
<kw name="Maximize Browser Window" library="SeleniumLibrary">
<doc>Maximizes current browser window.</doc>
<status status="PASS" starttime="20211214 14:30:25.071" endtime="20211214 14:30:25.188"/>
</kw>
<kw name="Go To" library="SeleniumLibrary">
<arg>${user_base_url}</arg>
<doc>Navigates the active browser instance to the provided ``url``.</doc>
<msg timestamp="20211214 14:30:25.188" level="INFO">Opening url 'https://demo.opencart.com/admin/'</msg>
<status status="PASS" starttime="20211214 14:30:25.188" endtime="20211214 14:30:27.162"/>
</kw>
<status status="PASS" starttime="20211214 14:30:23.768" endtime="20211214 14:30:27.162"/>
</kw>
<kw name="Get csv data" library="Datamanger">
<var>${CompleteCSVFile}</var>
<arg>${CSVPATH_DM}</arg>
<kw name="Read Csv File" library="FileUtility">
<var>${data}</var>
<arg>${filePath}</arg>
<msg timestamp="20211214 14:30:27.165" level="INFO">${data} = [['USEREMAIL', 'PASSWORD'], ['vivek', 'testpassword'], ['trantor', 'passwordtest']]</msg>
<status status="PASS" starttime="20211214 14:30:27.164" endtime="20211214 14:30:27.165"/>
</kw>
<msg timestamp="20211214 14:30:27.166" level="INFO">${CompleteCSVFile} = [['USEREMAIL', 'PASSWORD'], ['vivek', 'testpassword'], ['trantor', 'passwordtest']]</msg>
<status status="PASS" starttime="20211214 14:30:27.162" endtime="20211214 14:30:27.166"/>
</kw>
<for flavor="IN">
<var>${loginData}</var>
<value>@{CompleteCSVFile}</value>
<iter>
<var name="${loginData}">['USEREMAIL', 'PASSWORD']</var>
<kw name="Set Browser Implicit Wait" library="SeleniumLibrary">
<arg>5 seconds</arg>
<doc>Sets the implicit wait value used by Selenium.</doc>
<status status="PASS" starttime="20211214 14:30:27.166" endtime="20211214 14:30:27.167"/>
</kw>
<kw name="Enter login credentials using Datamanager" library="AdminLoginPage">
<arg>${loginData}</arg>
<kw name="Enter text" library="Basefile">
<arg>${ADMIN_EMAIL_ID}</arg>
<arg>${loginData[0]}</arg>
<kw name="Input Text" library="SeleniumLibrary">
<arg>${web_element}</arg>
<arg>${input_text}</arg>
<doc>Types the given ``text`` into text field identified by ``locator``.</doc>
<msg timestamp="20211214 14:30:27.170" level="INFO">Typing text 'USEREMAIL' into text field 'id=input-username'.</msg>
<status status="PASS" starttime="20211214 14:30:27.170" endtime="20211214 14:30:27.257"/>
</kw>
<status status="PASS" starttime="20211214 14:30:27.168" endtime="20211214 14:30:27.257"/>
</kw>
<kw name="Enter text" library="Basefile">
<arg>${ADMIN_PASSWORD_ID}</arg>
<arg>${loginData[1]}</arg>
<kw name="Input Text" library="SeleniumLibrary">
<arg>${web_element}</arg>
<arg>${input_text}</arg>
<doc>Types the given ``text`` into text field identified by ``locator``.</doc>
<msg timestamp="20211214 14:30:27.260" level="INFO">Typing text 'PASSWORD' into text field 'id=input-password'.</msg>
<status status="PASS" starttime="20211214 14:30:27.260" endtime="20211214 14:30:27.337"/>
</kw>
<status status="PASS" starttime="20211214 14:30:27.257" endtime="20211214 14:30:27.337"/>
</kw>
<kw name="Hit login button" library="AdminLoginPage">
<kw name="Click on the button" library="Basefile">
<arg>${ADMIN_LOGIN_BTN_XPATH}</arg>
<kw name="Click Button" library="SeleniumLibrary">
<arg>${web_element}</arg>
<doc>Clicks button identified by ``locator``.</doc>
<msg timestamp="20211214 14:30:27.340" level="INFO">Clicking button 'xpath=//button[@class='btn btn-primary']'.</msg>
<status status="PASS" starttime="20211214 14:30:27.339" endtime="20211214 14:30:30.003"/>
</kw>
<status status="PASS" starttime="20211214 14:30:27.338" endtime="20211214 14:30:30.003"/>
</kw>
<timeout value="10 seconds"/>
<status status="PASS" starttime="20211214 14:30:27.338" endtime="20211214 14:30:30.003"/>
</kw>
<status status="PASS" starttime="20211214 14:30:27.167" endtime="20211214 14:30:30.004"/>
</kw>
<kw name="Title Should Be" library="SeleniumLibrary">
<arg>Dashboard</arg>
<doc>Verifies that current page title equals ``title``.</doc>
<msg timestamp="20211214 14:30:30.018" level="INFO">Page title is 'Dashboard'.</msg>
<status status="PASS" starttime="20211214 14:30:30.004" endtime="20211214 14:30:30.018"/>
</kw>
<kw name="Logout from the application" library="DashboardPage">
<kw name="Click on the element" library="Basefile">
<arg>${ADMIN_LOGOUT_XPATH}</arg>
<kw name="Click Element" library="SeleniumLibrary">
<arg>${web_element}</arg>
<doc>Click element identified by ``locator``.</doc>
<msg timestamp="20211214 14:30:30.022" level="INFO">Clicking element 'xpath=//span[@class='hidden-xs hidden-sm hidden-md']'.</msg>
<status status="PASS" starttime="20211214 14:30:30.020" endtime="20211214 14:30:32.194"/>
</kw>
<status status="PASS" starttime="20211214 14:30:30.019" endtime="20211214 14:30:32.195"/>
</kw>
<status status="PASS" starttime="20211214 14:30:30.018" endtime="20211214 14:30:32.195"/>
</kw>
<status status="PASS" starttime="20211214 14:30:27.166" endtime="20211214 14:30:32.195"/>
</iter>
<iter>
<var name="${loginData}">['vivek', 'testpassword']</var>
<kw name="Set Browser Implicit Wait" library="SeleniumLibrary">
<arg>5 seconds</arg>
<doc>Sets the implicit wait value used by Selenium.</doc>
<status status="PASS" starttime="20211214 14:30:32.196" endtime="20211214 14:30:32.198"/>
</kw>
<kw name="Enter login credentials using Datamanager" library="AdminLoginPage">
<arg>${loginData}</arg>
<kw name="Enter text" library="Basefile">
<arg>${ADMIN_EMAIL_ID}</arg>
<arg>${loginData[0]}</arg>
<kw name="Input Text" library="SeleniumLibrary">
<arg>${web_element}</arg>
<arg>${input_text}</arg>
<doc>Types the given ``text`` into text field identified by ``locator``.</doc>
<msg timestamp="20211214 14:30:32.203" level="INFO">Typing text 'vivek' into text field 'id=input-username'.</msg>
<status status="PASS" starttime="20211214 14:30:32.202" endtime="20211214 14:30:32.337"/>
</kw>
<status status="PASS" starttime="20211214 14:30:32.199" endtime="20211214 14:30:32.337"/>
</kw>
<kw name="Enter text" library="Basefile">
<arg>${ADMIN_PASSWORD_ID}</arg>
<arg>${loginData[1]}</arg>
<kw name="Input Text" library="SeleniumLibrary">
<arg>${web_element}</arg>
<arg>${input_text}</arg>
<doc>Types the given ``text`` into text field identified by ``locator``.</doc>
<msg timestamp="20211214 14:30:32.339" level="INFO">Typing text 'testpassword' into text field 'id=input-password'.</msg>
<status status="PASS" starttime="20211214 14:30:32.339" endtime="20211214 14:30:32.971"/>
</kw>
<status status="PASS" starttime="20211214 14:30:32.337" endtime="20211214 14:30:32.972"/>
</kw>
<kw name="Hit login button" library="AdminLoginPage">
<kw name="Click on the button" library="Basefile">
<arg>${ADMIN_LOGIN_BTN_XPATH}</arg>
<kw name="Click Button" library="SeleniumLibrary">
<arg>${web_element}</arg>
<doc>Clicks button identified by ``locator``.</doc>
<kw name="Capture Page Screenshot" library="SeleniumLibrary">
<doc>Takes screenshot of the current page and embeds it into log file.</doc>
<status status="FAIL" starttime="20211214 14:35:33.176" endtime="20211214 14:35:33.177"/>
</kw>
<msg timestamp="20211214 14:30:32.973" level="INFO">Clicking button 'xpath=//button[@class='btn btn-primary']'.</msg>
<msg timestamp="20211214 14:35:33.177" level="FAIL">Keyword timeout 10 seconds exceeded.</msg>
<msg timestamp="20211214 14:35:33.178" level="WARN">Keyword 'Capture Page Screenshot' could not be run on failure: Keyword timeout 10 seconds exceeded.</msg>
<msg timestamp="20211214 14:35:33.178" level="INFO">Traceback (most recent call last):
    ~~~~~~~~~~~~~~~~~~~~~~~~~~~~~~~~~~~~~~~~~~~~~~~~~~~~~~~~~~~~~~~~~~~~~~~~~~
    File  D:\projects\automationworkspace\OpenCart\TestCases\AdminLogin_CSV_DataManager_Test.robot:19
    T:  Verify that user should be able to login with different data    
    ~~~~~~~~~~~~~~~~~~~~~~~~~~~~~~~~~~~~~~~~~~~~~~~~~~~~~~~~~~~~~~~~~~~~~~~~~~
    File  D:\projects\automationworkspace\OpenCart\TestCases\AdminLogin_CSV_DataManager_Test.robot:22
      ${loginData} IN [ @{CompleteCSVFile} ]    
    ~~~~~~~~~~~~~~~~~~~~~~~~~~~~~~~~~~~~~~~~~~~~~~~~~~~~~~~~~~~~~~~~~~~~~~~~~~
    File  D:\projects\automationworkspace\OpenCart\TestCases\AdminLogin_CSV_DataManager_Test.robot:22
      ${loginData} = ['vivek', 'testpassword']    
    ~~~~~~~~~~~~~~~~~~~~~~~~~~~~~~~~~~~~~~~~~~~~~~~~~~~~~~~~~~~~~~~~~~~~~~~~~~
    File  D:\projects\automationworkspace\OpenCart\TestCases\AdminLogin_CSV_DataManager_Test.robot:24
      Enter login credentials using Datamanager    ${loginData}
      |  ${loginData} =  (str)
    ~~~~~~~~~~~~~~~~~~~~~~~~~~~~~~~~~~~~~~~~~~~~~~~~~~~~~~~~~~~~~~~~~~~~~~~~~~
    File  D:\projects\automationworkspace\OpenCart\Pages\AdminLoginPage.robot:17
      Hit login button    
    ~~~~~~~~~~~~~~~~~~~~~~~~~~~~~~~~~~~~~~~~~~~~~~~~~~~~~~~~~~~~~~~~~~~~~~~~~~
    File  D:\projects\automationworkspace\OpenCart\Pages\AdminLoginPage.robot:20
      Click on the button    ${ADMIN_LOGIN_BTN_XPATH}
      |  ${ADMIN_LOGIN_BTN_XPATH} = xpath=//button[@class='btn btn-primary'] (str)
    ~~~~~~~~~~~~~~~~~~~~~~~~~~~~~~~~~~~~~~~~~~~~~~~~~~~~~~~~~~~~~~~~~~~~~~~~~~
    File  D:\projects\automationworkspace\OpenCart\Pages\Basefile.robot:23
      Click Button    ${web_element}
      |  ${web_element} = xpath=//button[@class='btn btn-primary'] (str)
    ~~~~~~~~~~~~~~~~~~~~~~~~~~~~~~~~~~~~~~~~~~~~~~~~~~~~~~~~~~~~~~~~~~~~~~~~~~
    File  None:0
      Capture Page Screenshot    
______________________________________________________________________________</msg>
<msg timestamp="20211214 14:35:33.179" level="FAIL">Keyword timeout 10 seconds exceeded.</msg>
<status status="FAIL" starttime="20211214 14:30:32.973" endtime="20211214 14:35:33.179"/>
</kw>
<status status="FAIL" starttime="20211214 14:30:32.972" endtime="20211214 14:35:33.179"/>
</kw>
<timeout value="10 seconds"/>
<status status="FAIL" starttime="20211214 14:30:32.972" endtime="20211214 14:35:33.179"/>
</kw>
<status status="FAIL" starttime="20211214 14:30:32.198" endtime="20211214 14:35:33.180"/>
</kw>
<kw name="Title Should Be" library="SeleniumLibrary">
<arg>Dashboard</arg>
<doc>Verifies that current page title equals ``title``.</doc>
<status status="NOT RUN" starttime="20211214 14:35:33.180" endtime="20211214 14:35:33.180"/>
</kw>
<kw name="Logout from the application" library="DashboardPage">
<status status="NOT RUN" starttime="20211214 14:35:33.180" endtime="20211214 14:35:33.181"/>
</kw>
<status status="FAIL" starttime="20211214 14:30:32.195" endtime="20211214 14:35:33.181"/>
</iter>
<status status="FAIL" starttime="20211214 14:30:27.166" endtime="20211214 14:35:33.181"/>
</for>
<kw name="Close browser session" library="Basefile" type="TEARDOWN">
<kw name="Close Browser" library="SeleniumLibrary">
<doc>Closes the current browser.</doc>
<status status="PASS" starttime="20211214 14:35:33.182" endtime="20211214 14:35:36.148"/>
</kw>
<status status="PASS" starttime="20211214 14:35:33.181" endtime="20211214 14:35:36.148"/>
</kw>
<tag>DataManager2</tag>
<status status="FAIL" starttime="20211214 14:30:23.767" endtime="20211214 14:35:36.149">Keyword timeout 10 seconds exceeded.</status>
</test>
<test id="s1-s4-t3" name="Verify that user should land on &quot;Dashboard&quot; page after login">
<kw name="Launch application" library="Basefile" type="SETUP">
<arg>${BROWSER}</arg>
<arg>${ADMINBASEURL}</arg>
<kw name="Open Browser" library="SeleniumLibrary">
<arg>about:blank</arg>
<arg>${browserName}</arg>
<doc>Opens a new browser instance to the given ``url``.</doc>
<msg timestamp="20211214 14:35:36.162" level="INFO">Opening browser 'chrome' to base url 'about:blank'.</msg>
<status status="PASS" starttime="20211214 14:35:36.162" endtime="20211214 14:35:37.465"/>
</kw>
<kw name="Maximize Browser Window" library="SeleniumLibrary">
<doc>Maximizes current browser window.</doc>
<status status="PASS" starttime="20211214 14:35:37.465" endtime="20211214 14:35:37.588"/>
</kw>
<kw name="Go To" library="SeleniumLibrary">
<arg>${user_base_url}</arg>
<doc>Navigates the active browser instance to the provided ``url``.</doc>
<msg timestamp="20211214 14:35:37.590" level="INFO">Opening url 'https://demo.opencart.com/admin/'</msg>
<status status="PASS" starttime="20211214 14:35:37.589" endtime="20211214 14:35:39.857"/>
</kw>
<status status="PASS" starttime="20211214 14:35:36.161" endtime="20211214 14:35:39.857"/>
</kw>
<kw name="Given AdminLoginPage.login into the application" library="AdminLoginPage">
<kw name="Enter text" library="Basefile">
<arg>${ADMIN_EMAIL_ID}</arg>
<arg>${USEREMAIL}</arg>
<kw name="Input Text" library="SeleniumLibrary">
<arg>${web_element}</arg>
<arg>${input_text}</arg>
<doc>Types the given ``text`` into text field identified by ``locator``.</doc>
<msg timestamp="20211214 14:35:39.858" level="INFO">Typing text 'demo' into text field 'id=input-username'.</msg>
<status status="PASS" starttime="20211214 14:35:39.858" endtime="20211214 14:35:39.932"/>
</kw>
<status status="PASS" starttime="20211214 14:35:39.858" endtime="20211214 14:35:39.932"/>
</kw>
<kw name="Enter text" library="Basefile">
<arg>${ADMIN_PASSWORD_ID}</arg>
<arg>${PASSWORD}</arg>
<kw name="Input Text" library="SeleniumLibrary">
<arg>${web_element}</arg>
<arg>${input_text}</arg>
<doc>Types the given ``text`` into text field identified by ``locator``.</doc>
<msg timestamp="20211214 14:35:39.934" level="INFO">Typing text 'demo' into text field 'id=input-password'.</msg>
<status status="PASS" starttime="20211214 14:35:39.933" endtime="20211214 14:35:39.998"/>
</kw>
<status status="PASS" starttime="20211214 14:35:39.933" endtime="20211214 14:35:39.998"/>
</kw>
<kw name="Click on the button" library="Basefile">
<arg>${ADMIN_LOGIN_BTN_XPATH}</arg>
<kw name="Click Button" library="SeleniumLibrary">
<arg>${web_element}</arg>
<doc>Clicks button identified by ``locator``.</doc>
<msg timestamp="20211214 14:35:39.999" level="INFO">Clicking button 'xpath=//button[@class='btn btn-primary']'.</msg>
<status status="PASS" starttime="20211214 14:35:39.999" endtime="20211214 14:35:42.685"/>
</kw>
<status status="PASS" starttime="20211214 14:35:39.999" endtime="20211214 14:35:42.685"/>
</kw>
<status status="PASS" starttime="20211214 14:35:39.857" endtime="20211214 14:35:42.685"/>
</kw>
<kw name="And set browser implicit wait" library="SeleniumLibrary">
<arg>5 seconds</arg>
<doc>Sets the implicit wait value used by Selenium.</doc>
<status status="PASS" starttime="20211214 14:35:42.686" endtime="20211214 14:35:42.689"/>
</kw>
<kw name="Then title should be" library="SeleniumLibrary">
<arg>Dashboard</arg>
<doc>Verifies that current page title equals ``title``.</doc>
<msg timestamp="20211214 14:35:42.694" level="INFO">Page title is 'Dashboard'.</msg>
<status status="PASS" starttime="20211214 14:35:42.690" endtime="20211214 14:35:42.695"/>
</kw>
<kw name="Close browser session" library="Basefile" type="TEARDOWN">
<kw name="Close Browser" library="SeleniumLibrary">
<doc>Closes the current browser.</doc>
<status status="PASS" starttime="20211214 14:35:42.696" endtime="20211214 14:35:45.657"/>
</kw>
<status status="PASS" starttime="20211214 14:35:42.695" endtime="20211214 14:35:45.657"/>
</kw>
<tag>Sanity</tag>
<status status="PASS" starttime="20211214 14:35:36.161" endtime="20211214 14:35:45.657"/>
</test>
<status status="FAIL" starttime="20211214 14:30:16.261" endtime="20211214 14:35:45.658"/>
</suite>
<suite id="s1-s5" name="AdminLogin Default Test" source="D:\projects\automationworkspace\OpenCart\TestCases\AdminLogin_Default_Test.robot">
<test id="s1-s5-t1" name="Verify page title">
<kw name="Launch application" library="Basefile" type="SETUP">
<arg>${BROWSER}</arg>
<arg>${ADMINBASEURL}</arg>
<kw name="Open Browser" library="SeleniumLibrary">
<arg>about:blank</arg>
<arg>${browserName}</arg>
<doc>Opens a new browser instance to the given ``url``.</doc>
<msg timestamp="20211214 14:30:17.504" level="INFO">Opening browser 'chrome' to base url 'about:blank'.</msg>
<status status="PASS" starttime="20211214 14:30:17.504" endtime="20211214 14:30:19.131"/>
</kw>
<kw name="Maximize Browser Window" library="SeleniumLibrary">
<doc>Maximizes current browser window.</doc>
<status status="PASS" starttime="20211214 14:30:19.131" endtime="20211214 14:30:19.252"/>
</kw>
<kw name="Go To" library="SeleniumLibrary">
<arg>${user_base_url}</arg>
<doc>Navigates the active browser instance to the provided ``url``.</doc>
<msg timestamp="20211214 14:30:19.253" level="INFO">Opening url 'https://demo.opencart.com/admin/'</msg>
<status status="PASS" starttime="20211214 14:30:19.252" endtime="20211214 14:30:21.978"/>
</kw>
<status status="PASS" starttime="20211214 14:30:17.503" endtime="20211214 14:30:21.978"/>
</kw>
<kw name="Validate the page title" library="Basefile">
<arg>Administration</arg>
<kw name="Title Should Be" library="SeleniumLibrary">
<arg>${expected_title}</arg>
<doc>Verifies that current page title equals ``title``.</doc>
<msg timestamp="20211214 14:30:21.987" level="INFO">Page title is 'Administration'.</msg>
<status status="PASS" starttime="20211214 14:30:21.980" endtime="20211214 14:30:21.987"/>
</kw>
<status status="PASS" starttime="20211214 14:30:21.979" endtime="20211214 14:30:21.987"/>
</kw>
<kw name="Close browser session" library="Basefile" type="TEARDOWN">
<kw name="Close Browser" library="SeleniumLibrary">
<doc>Closes the current browser.</doc>
<status status="PASS" starttime="20211214 14:30:21.988" endtime="20211214 14:30:24.977"/>
</kw>
<status status="PASS" starttime="20211214 14:30:21.988" endtime="20211214 14:30:24.978"/>
</kw>
<status status="PASS" starttime="20211214 14:30:17.503" endtime="20211214 14:30:24.978"/>
</test>
<test id="s1-s5-t2" name="Verify if user is able to login">
<kw name="Launch application" library="Basefile" type="SETUP">
<arg>${BROWSER}</arg>
<arg>${ADMINBASEURL}</arg>
<kw name="Open Browser" library="SeleniumLibrary">
<arg>about:blank</arg>
<arg>${browserName}</arg>
<doc>Opens a new browser instance to the given ``url``.</doc>
<msg timestamp="20211214 14:30:24.980" level="INFO">Opening browser 'chrome' to base url 'about:blank'.</msg>
<status status="PASS" starttime="20211214 14:30:24.980" endtime="20211214 14:30:26.306"/>
</kw>
<kw name="Maximize Browser Window" library="SeleniumLibrary">
<doc>Maximizes current browser window.</doc>
<status status="PASS" starttime="20211214 14:30:26.307" endtime="20211214 14:30:26.427"/>
</kw>
<kw name="Go To" library="SeleniumLibrary">
<arg>${user_base_url}</arg>
<doc>Navigates the active browser instance to the provided ``url``.</doc>
<msg timestamp="20211214 14:30:26.428" level="INFO">Opening url 'https://demo.opencart.com/admin/'</msg>
<status status="PASS" starttime="20211214 14:30:26.427" endtime="20211214 14:30:28.291"/>
</kw>
<status status="PASS" starttime="20211214 14:30:24.979" endtime="20211214 14:30:28.292"/>
</kw>
<kw name="Given AdminLoginPage.login into the application" library="AdminLoginPage">
<kw name="Enter text" library="Basefile">
<arg>${ADMIN_EMAIL_ID}</arg>
<arg>${USEREMAIL}</arg>
<kw name="Input Text" library="SeleniumLibrary">
<arg>${web_element}</arg>
<arg>${input_text}</arg>
<doc>Types the given ``text`` into text field identified by ``locator``.</doc>
<msg timestamp="20211214 14:30:28.293" level="INFO">Typing text 'demo' into text field 'id=input-username'.</msg>
<status status="PASS" starttime="20211214 14:30:28.293" endtime="20211214 14:30:28.373"/>
</kw>
<status status="PASS" starttime="20211214 14:30:28.293" endtime="20211214 14:30:28.374"/>
</kw>
<kw name="Enter text" library="Basefile">
<arg>${ADMIN_PASSWORD_ID}</arg>
<arg>${PASSWORD}</arg>
<kw name="Input Text" library="SeleniumLibrary">
<arg>${web_element}</arg>
<arg>${input_text}</arg>
<doc>Types the given ``text`` into text field identified by ``locator``.</doc>
<msg timestamp="20211214 14:30:28.375" level="INFO">Typing text 'demo' into text field 'id=input-password'.</msg>
<status status="PASS" starttime="20211214 14:30:28.374" endtime="20211214 14:30:28.444"/>
</kw>
<status status="PASS" starttime="20211214 14:30:28.374" endtime="20211214 14:30:28.444"/>
</kw>
<kw name="Click on the button" library="Basefile">
<arg>${ADMIN_LOGIN_BTN_XPATH}</arg>
<kw name="Click Button" library="SeleniumLibrary">
<arg>${web_element}</arg>
<doc>Clicks button identified by ``locator``.</doc>
<msg timestamp="20211214 14:30:28.445" level="INFO">Clicking button 'xpath=//button[@class='btn btn-primary']'.</msg>
<status status="PASS" starttime="20211214 14:30:28.445" endtime="20211214 14:30:31.136"/>
</kw>
<status status="PASS" starttime="20211214 14:30:28.444" endtime="20211214 14:30:31.138"/>
</kw>
<status status="PASS" starttime="20211214 14:30:28.292" endtime="20211214 14:30:31.138"/>
</kw>
<kw name="And set browser implicit wait" library="SeleniumLibrary">
<arg>5 seconds</arg>
<doc>Sets the implicit wait value used by Selenium.</doc>
<status status="PASS" starttime="20211214 14:30:31.139" endtime="20211214 14:30:31.140"/>
</kw>
<kw name="Then title should be" library="SeleniumLibrary">
<arg>Dashboard</arg>
<doc>Verifies that current page title equals ``title``.</doc>
<msg timestamp="20211214 14:30:31.149" level="INFO">Page title is 'Dashboard'.</msg>
<status status="PASS" starttime="20211214 14:30:31.141" endtime="20211214 14:30:31.149"/>
</kw>
<kw name="Close browser session" library="Basefile" type="TEARDOWN">
<kw name="Close Browser" library="SeleniumLibrary">
<doc>Closes the current browser.</doc>
<status status="PASS" starttime="20211214 14:30:31.150" endtime="20211214 14:30:34.172"/>
</kw>
<status status="PASS" starttime="20211214 14:30:31.149" endtime="20211214 14:30:34.172"/>
</kw>
<tag>Sanity</tag>
<status status="PASS" starttime="20211214 14:30:24.978" endtime="20211214 14:30:34.172"/>
</test>
<status status="PASS" starttime="20211214 14:30:17.319" endtime="20211214 14:30:34.175"/>
</suite>
<suite id="s1-s6" name="AdminLogin XLSX DataDriver Test" source="D:\projects\automationworkspace\OpenCart\TestCases\AdminLogin_XLSX_DataDriver_Test.robot">
<test id="s1-s6-t1" name="verify that user is able to login into the application">
<kw name="Launch application" library="Basefile" type="SETUP">
<arg>${BROWSER}</arg>
<arg>${ADMINBASEURL}</arg>
<kw name="Open Browser" library="SeleniumLibrary">
<arg>about:blank</arg>
<arg>${browserName}</arg>
<doc>Opens a new browser instance to the given ``url``.</doc>
<msg timestamp="20211214 14:30:35.280" level="INFO">Opening browser 'chrome' to base url 'about:blank'.</msg>
<kw name="Capture Page Screenshot" library="SeleniumLibrary">
<doc>Takes screenshot of the current page and embeds it into log file.</doc>
<msg timestamp="20211214 14:30:40.750" level="INFO">Cannot capture screenshot because no browser is open.</msg>
<status status="PASS" starttime="20211214 14:30:40.750" endtime="20211214 14:30:40.750"/>
</kw>
<msg timestamp="20211214 14:30:40.767" level="FAIL">WebDriverException: Message: chrome not reachable
  (Session info: chrome=95.0.4638.69)
Stacktrace:
Backtrace:
	Ordinal0 [0x00F9BDE3+2473443]
	Ordinal0 [0x00F36661+2057825]
	Ordinal0 [0x00E42300+1057536]
	Ordinal0 [0x00E37344+1012548]
	Ordinal0 [0x00E2B500+963840]
	Ordinal0 [0x00E89DAF+1351087]
	Ordinal0 [0x00E8974A+1349450]
	Ordinal0 [0x00E855AB+1332651]
	Ordinal0 [0x00E62104+1188100]
	Ordinal0 [0x00E62F59+1191769]
	GetHandleVerifier [0x01122266+1549718]
	GetHandleVerifier [0x011CD4A7+2250711]
	GetHandleVerifier [0x0102718B+521403]
	GetHandleVerifier [0x01026229+517465]
	Ordinal0 [0x00F3B79D+2078621]
	Ordinal0 [0x00F3FB58+2095960]
	Ordinal0 [0x00F3FC92+2096274]
	Ordinal0 [0x00F49541+2135361]
	BaseThreadInitThunk [0x770AFA29+25]
	RtlGetAppContainerNamedObjectPath [0x777E7A9E+286]
	RtlGetAppContainerNamedObjectPath [0x777E7A6E+238]
</msg>
<status status="FAIL" starttime="20211214 14:30:35.280" endtime="20211214 14:30:40.768"/>
</kw>
<kw name="Maximize Browser Window" library="SeleniumLibrary">
<doc>Maximizes current browser window.</doc>
<status status="NOT RUN" starttime="20211214 14:30:40.768" endtime="20211214 14:30:40.768"/>
</kw>
<kw name="Go To" library="SeleniumLibrary">
<arg>${user_base_url}</arg>
<doc>Navigates the active browser instance to the provided ``url``.</doc>
<status status="NOT RUN" starttime="20211214 14:30:40.769" endtime="20211214 14:30:40.769"/>
</kw>
<status status="FAIL" starttime="20211214 14:30:35.279" endtime="20211214 14:30:40.769"/>
</kw>
<kw name="Close browser session" library="Basefile" type="TEARDOWN">
<kw name="Close Browser" library="SeleniumLibrary">
<doc>Closes the current browser.</doc>
<status status="PASS" starttime="20211214 14:30:40.770" endtime="20211214 14:30:40.770"/>
</kw>
<status status="PASS" starttime="20211214 14:30:40.769" endtime="20211214 14:30:40.770"/>
</kw>
<status status="FAIL" starttime="20211214 14:30:35.277" endtime="20211214 14:30:40.770">Setup failed:
WebDriverException: Message: chrome not reachable
  (Session info: chrome=95.0.4638.69)
Stacktrace:
Backtrace:
	Ordinal0 [0x00F9BDE3+2473443]
	Ordinal0 [0x00F36661+2057825]
	Ordinal0 [0x00E42300+1057536]
	Ordinal0 [0x00E37344+1012548]
	Ordinal0 [0x00E2B500+963840]
	Ordinal0 [0x00E89DAF+1351087]
	Ordinal0 [0x00E8974A+1349450]
	Ordinal0 [0x00E855AB+1332651]
	Ordinal0 [0x00E62104+1188100]
	Ordinal0 [0x00E62F59+1191769]
	GetHandleVerifier [0x01122266+1549718]
	GetHandleVerifier [0x011CD4A7+2250711]
	GetHandleVerifier [0x0102718B+521403]
	GetHandleVerifier [0x01026229+517465]
	Ordinal0 [0x00F3B79D+2078621]
	Ordinal0 [0x00F3FB58+2095960]
	Ordinal0 [0x00F3FC92+2096274]
	Ordinal0 [0x00F49541+2135361]
	BaseThreadInitThunk [0x770AFA29+25]
	RtlGetAppContainerNamedObjectPath [0x777E7A9E+286]
	RtlGetAppContainerNamedObjectPath [0x777E7A6E+238]
</status>
</test>
<test id="s1-s6-t2" name="verify that user is able to login into the application">
<kw name="Launch application" library="Basefile" type="SETUP">
<arg>${BROWSER}</arg>
<arg>${ADMINBASEURL}</arg>
<kw name="Open Browser" library="SeleniumLibrary">
<arg>about:blank</arg>
<arg>${browserName}</arg>
<doc>Opens a new browser instance to the given ``url``.</doc>
<msg timestamp="20211214 14:30:40.773" level="INFO">Opening browser 'chrome' to base url 'about:blank'.</msg>
<status status="PASS" starttime="20211214 14:30:40.773" endtime="20211214 14:30:42.166"/>
</kw>
<kw name="Maximize Browser Window" library="SeleniumLibrary">
<doc>Maximizes current browser window.</doc>
<status status="PASS" starttime="20211214 14:30:42.166" endtime="20211214 14:30:42.281"/>
</kw>
<kw name="Go To" library="SeleniumLibrary">
<arg>${user_base_url}</arg>
<doc>Navigates the active browser instance to the provided ``url``.</doc>
<msg timestamp="20211214 14:30:42.282" level="INFO">Opening url 'https://demo.opencart.com/admin/'</msg>
<status status="PASS" starttime="20211214 14:30:42.282" endtime="20211214 14:30:44.123"/>
</kw>
<status status="PASS" starttime="20211214 14:30:40.772" endtime="20211214 14:30:44.123"/>
</kw>
<kw name="Veriy login with multiple data">
<arg>Jatin</arg>
<arg>Jatin_pwd_dd</arg>
<tag>Regression</tag>
<kw name="Login into the application" library="AdminLoginPage">
<kw name="Enter text" library="Basefile">
<arg>${ADMIN_EMAIL_ID}</arg>
<arg>${USEREMAIL}</arg>
<kw name="Input Text" library="SeleniumLibrary">
<arg>${web_element}</arg>
<arg>${input_text}</arg>
<doc>Types the given ``text`` into text field identified by ``locator``.</doc>
<msg timestamp="20211214 14:30:44.127" level="INFO">Typing text 'demo' into text field 'id=input-username'.</msg>
<status status="PASS" starttime="20211214 14:30:44.127" endtime="20211214 14:30:44.236"/>
</kw>
<status status="PASS" starttime="20211214 14:30:44.126" endtime="20211214 14:30:44.237"/>
</kw>
<kw name="Enter text" library="Basefile">
<arg>${ADMIN_PASSWORD_ID}</arg>
<arg>${PASSWORD}</arg>
<kw name="Input Text" library="SeleniumLibrary">
<arg>${web_element}</arg>
<arg>${input_text}</arg>
<doc>Types the given ``text`` into text field identified by ``locator``.</doc>
<msg timestamp="20211214 14:30:44.238" level="INFO">Typing text 'demo' into text field 'id=input-password'.</msg>
<status status="PASS" starttime="20211214 14:30:44.237" endtime="20211214 14:30:44.295"/>
</kw>
<status status="PASS" starttime="20211214 14:30:44.237" endtime="20211214 14:30:44.296"/>
</kw>
<kw name="Click on the button" library="Basefile">
<arg>${ADMIN_LOGIN_BTN_XPATH}</arg>
<kw name="Click Button" library="SeleniumLibrary">
<arg>${web_element}</arg>
<doc>Clicks button identified by ``locator``.</doc>
<msg timestamp="20211214 14:30:44.297" level="INFO">Clicking button 'xpath=//button[@class='btn btn-primary']'.</msg>
<status status="PASS" starttime="20211214 14:30:44.296" endtime="20211214 14:30:46.965"/>
</kw>
<status status="PASS" starttime="20211214 14:30:44.296" endtime="20211214 14:30:46.965"/>
</kw>
<status status="PASS" starttime="20211214 14:30:44.125" endtime="20211214 14:30:46.966"/>
</kw>
<kw name="Then title should be" library="SeleniumLibrary">
<arg>Dashboard</arg>
<doc>Verifies that current page title equals ``title``.</doc>
<msg timestamp="20211214 14:30:46.970" level="INFO">Page title is 'Dashboard'.</msg>
<status status="PASS" starttime="20211214 14:30:46.966" endtime="20211214 14:30:46.970"/>
</kw>
<status status="PASS" starttime="20211214 14:30:44.123" endtime="20211214 14:30:46.970"/>
</kw>
<kw name="Close browser session" library="Basefile" type="TEARDOWN">
<kw name="Close Browser" library="SeleniumLibrary">
<doc>Closes the current browser.</doc>
<status status="PASS" starttime="20211214 14:30:46.971" endtime="20211214 14:30:49.817"/>
</kw>
<status status="PASS" starttime="20211214 14:30:46.971" endtime="20211214 14:30:49.817"/>
</kw>
<status status="PASS" starttime="20211214 14:30:40.771" endtime="20211214 14:30:49.817"/>
</test>
<test id="s1-s6-t3" name="verify that user is able to login into the application">
<kw name="Launch application" library="Basefile" type="SETUP">
<arg>${BROWSER}</arg>
<arg>${ADMINBASEURL}</arg>
<kw name="Open Browser" library="SeleniumLibrary">
<arg>about:blank</arg>
<arg>${browserName}</arg>
<doc>Opens a new browser instance to the given ``url``.</doc>
<msg timestamp="20211214 14:30:49.821" level="INFO">Opening browser 'chrome' to base url 'about:blank'.</msg>
<status status="PASS" starttime="20211214 14:30:49.821" endtime="20211214 14:30:51.079"/>
</kw>
<kw name="Maximize Browser Window" library="SeleniumLibrary">
<doc>Maximizes current browser window.</doc>
<status status="PASS" starttime="20211214 14:30:51.079" endtime="20211214 14:30:51.222"/>
</kw>
<kw name="Go To" library="SeleniumLibrary">
<arg>${user_base_url}</arg>
<doc>Navigates the active browser instance to the provided ``url``.</doc>
<msg timestamp="20211214 14:30:51.222" level="INFO">Opening url 'https://demo.opencart.com/admin/'</msg>
<status status="PASS" starttime="20211214 14:30:51.222" endtime="20211214 14:30:53.071"/>
</kw>
<status status="PASS" starttime="20211214 14:30:49.820" endtime="20211214 14:30:53.072"/>
</kw>
<kw name="Veriy login with multiple data">
<arg>test</arg>
<arg>test_pwd_dd</arg>
<tag>Regression</tag>
<kw name="Login into the application" library="AdminLoginPage">
<kw name="Enter text" library="Basefile">
<arg>${ADMIN_EMAIL_ID}</arg>
<arg>${USEREMAIL}</arg>
<kw name="Input Text" library="SeleniumLibrary">
<arg>${web_element}</arg>
<arg>${input_text}</arg>
<doc>Types the given ``text`` into text field identified by ``locator``.</doc>
<msg timestamp="20211214 14:30:53.076" level="INFO">Typing text 'demo' into text field 'id=input-username'.</msg>
<status status="PASS" starttime="20211214 14:30:53.075" endtime="20211214 14:30:53.149"/>
</kw>
<status status="PASS" starttime="20211214 14:30:53.073" endtime="20211214 14:30:53.149"/>
</kw>
<kw name="Enter text" library="Basefile">
<arg>${ADMIN_PASSWORD_ID}</arg>
<arg>${PASSWORD}</arg>
<kw name="Input Text" library="SeleniumLibrary">
<arg>${web_element}</arg>
<arg>${input_text}</arg>
<doc>Types the given ``text`` into text field identified by ``locator``.</doc>
<msg timestamp="20211214 14:30:53.150" level="INFO">Typing text 'demo' into text field 'id=input-password'.</msg>
<status status="PASS" starttime="20211214 14:30:53.150" endtime="20211214 14:30:53.211"/>
</kw>
<status status="PASS" starttime="20211214 14:30:53.149" endtime="20211214 14:30:53.211"/>
</kw>
<kw name="Click on the button" library="Basefile">
<arg>${ADMIN_LOGIN_BTN_XPATH}</arg>
<kw name="Click Button" library="SeleniumLibrary">
<arg>${web_element}</arg>
<doc>Clicks button identified by ``locator``.</doc>
<msg timestamp="20211214 14:30:53.212" level="INFO">Clicking button 'xpath=//button[@class='btn btn-primary']'.</msg>
<status status="PASS" starttime="20211214 14:30:53.212" endtime="20211214 14:30:55.840"/>
</kw>
<status status="PASS" starttime="20211214 14:30:53.211" endtime="20211214 14:30:55.840"/>
</kw>
<status status="PASS" starttime="20211214 14:30:53.072" endtime="20211214 14:30:55.840"/>
</kw>
<kw name="Then title should be" library="SeleniumLibrary">
<arg>Dashboard</arg>
<doc>Verifies that current page title equals ``title``.</doc>
<msg timestamp="20211214 14:30:55.846" level="INFO">Page title is 'Dashboard'.</msg>
<status status="PASS" starttime="20211214 14:30:55.841" endtime="20211214 14:30:55.846"/>
</kw>
<status status="PASS" starttime="20211214 14:30:53.072" endtime="20211214 14:30:55.846"/>
</kw>
<kw name="Close browser session" library="Basefile" type="TEARDOWN">
<kw name="Close Browser" library="SeleniumLibrary">
<doc>Closes the current browser.</doc>
<status status="PASS" starttime="20211214 14:30:55.849" endtime="20211214 14:30:58.693"/>
</kw>
<status status="PASS" starttime="20211214 14:30:55.848" endtime="20211214 14:30:58.693"/>
</kw>
<status status="PASS" starttime="20211214 14:30:49.818" endtime="20211214 14:30:58.693"/>
</test>
<status status="FAIL" starttime="20211214 14:30:34.668" endtime="20211214 14:30:58.695"/>
</suite>
<suite id="s1-s7" name="AdminLogin XLSX DataManager Test" source="D:\projects\automationworkspace\OpenCart\TestCases\AdminLogin_XLSX_DataManager_Test.robot">
<test id="s1-s7-t1" name="Verify page title">
<kw name="Launch application" library="Basefile" type="SETUP">
<arg>${BROWSER}</arg>
<arg>${ADMINBASEURL}</arg>
<kw name="Open Browser" library="SeleniumLibrary">
<arg>about:blank</arg>
<arg>${browserName}</arg>
<doc>Opens a new browser instance to the given ``url``.</doc>
<msg timestamp="20211214 14:30:36.403" level="INFO">Opening browser 'chrome' to base url 'about:blank'.</msg>
<kw name="Capture Page Screenshot" library="SeleniumLibrary">
<doc>Takes screenshot of the current page and embeds it into log file.</doc>
<msg timestamp="20211214 14:30:36.406" level="INFO">Cannot capture screenshot because no browser is open.</msg>
<status status="PASS" starttime="20211214 14:30:36.405" endtime="20211214 14:30:36.406"/>
</kw>
<msg timestamp="20211214 14:30:36.432" level="FAIL">OSError: [WinError 1455] The paging file is too small for this operation to complete</msg>
<status status="FAIL" starttime="20211214 14:30:36.402" endtime="20211214 14:30:36.432"/>
</kw>
<kw name="Maximize Browser Window" library="SeleniumLibrary">
<doc>Maximizes current browser window.</doc>
<status status="NOT RUN" starttime="20211214 14:30:36.438" endtime="20211214 14:30:36.439"/>
</kw>
<kw name="Go To" library="SeleniumLibrary">
<arg>${user_base_url}</arg>
<doc>Navigates the active browser instance to the provided ``url``.</doc>
<status status="NOT RUN" starttime="20211214 14:30:36.441" endtime="20211214 14:30:36.443"/>
</kw>
<status status="FAIL" starttime="20211214 14:30:36.402" endtime="20211214 14:30:36.449"/>
</kw>
<kw name="Close browser session" library="Basefile" type="TEARDOWN">
<kw name="Close Browser" library="SeleniumLibrary">
<doc>Closes the current browser.</doc>
<status status="PASS" starttime="20211214 14:30:36.457" endtime="20211214 14:30:36.460"/>
</kw>
<status status="PASS" starttime="20211214 14:30:36.451" endtime="20211214 14:30:36.461"/>
</kw>
<status status="FAIL" starttime="20211214 14:30:36.401" endtime="20211214 14:30:36.464">Setup failed:
OSError: [WinError 1455] The paging file is too small for this operation to complete</status>
</test>
<test id="s1-s7-t2" name="Verify that user should land on &quot;Dashborad&quot; after login">
<kw name="Launch application" library="Basefile" type="SETUP">
<arg>${BROWSER}</arg>
<arg>${ADMINBASEURL}</arg>
<kw name="Open Browser" library="SeleniumLibrary">
<arg>about:blank</arg>
<arg>${browserName}</arg>
<doc>Opens a new browser instance to the given ``url``.</doc>
<msg timestamp="20211214 14:30:36.470" level="INFO">Opening browser 'chrome' to base url 'about:blank'.</msg>
<kw name="Capture Page Screenshot" library="SeleniumLibrary">
<doc>Takes screenshot of the current page and embeds it into log file.</doc>
<msg timestamp="20211214 14:30:36.476" level="INFO">Cannot capture screenshot because no browser is open.</msg>
<status status="PASS" starttime="20211214 14:30:36.475" endtime="20211214 14:30:36.476"/>
</kw>
<msg timestamp="20211214 14:30:36.478" level="FAIL">OSError: [WinError 1455] The paging file is too small for this operation to complete</msg>
<status status="FAIL" starttime="20211214 14:30:36.469" endtime="20211214 14:30:36.478"/>
</kw>
<kw name="Maximize Browser Window" library="SeleniumLibrary">
<doc>Maximizes current browser window.</doc>
<status status="NOT RUN" starttime="20211214 14:30:36.480" endtime="20211214 14:30:36.480"/>
</kw>
<kw name="Go To" library="SeleniumLibrary">
<arg>${user_base_url}</arg>
<doc>Navigates the active browser instance to the provided ``url``.</doc>
<status status="NOT RUN" starttime="20211214 14:30:36.480" endtime="20211214 14:30:36.481"/>
</kw>
<status status="FAIL" starttime="20211214 14:30:36.468" endtime="20211214 14:30:36.481"/>
</kw>
<kw name="Close browser session" library="Basefile" type="TEARDOWN">
<kw name="Close Browser" library="SeleniumLibrary">
<doc>Closes the current browser.</doc>
<status status="PASS" starttime="20211214 14:30:36.482" endtime="20211214 14:30:36.482"/>
</kw>
<status status="PASS" starttime="20211214 14:30:36.481" endtime="20211214 14:30:36.483"/>
</kw>
<tag>Sanity</tag>
<status status="FAIL" starttime="20211214 14:30:36.465" endtime="20211214 14:30:36.483">Setup failed:
OSError: [WinError 1455] The paging file is too small for this operation to complete</status>
</test>
<test id="s1-s7-t3" name="Verify user is able to login using XLSX for different login details">
<kw name="Launch application" library="Basefile" type="SETUP">
<arg>${BROWSER}</arg>
<arg>${ADMINBASEURL}</arg>
<kw name="Open Browser" library="SeleniumLibrary">
<arg>about:blank</arg>
<arg>${browserName}</arg>
<doc>Opens a new browser instance to the given ``url``.</doc>
<msg timestamp="20211214 14:30:36.485" level="INFO">Opening browser 'chrome' to base url 'about:blank'.</msg>
<kw name="Capture Page Screenshot" library="SeleniumLibrary">
<doc>Takes screenshot of the current page and embeds it into log file.</doc>
<msg timestamp="20211214 14:30:36.488" level="INFO">Cannot capture screenshot because no browser is open.</msg>
<status status="PASS" starttime="20211214 14:30:36.488" endtime="20211214 14:30:36.488"/>
</kw>
<msg timestamp="20211214 14:30:36.489" level="FAIL">OSError: [WinError 1455] The paging file is too small for this operation to complete</msg>
<status status="FAIL" starttime="20211214 14:30:36.485" endtime="20211214 14:30:36.489"/>
</kw>
<kw name="Maximize Browser Window" library="SeleniumLibrary">
<doc>Maximizes current browser window.</doc>
<status status="NOT RUN" starttime="20211214 14:30:36.490" endtime="20211214 14:30:36.490"/>
</kw>
<kw name="Go To" library="SeleniumLibrary">
<arg>${user_base_url}</arg>
<doc>Navigates the active browser instance to the provided ``url``.</doc>
<status status="NOT RUN" starttime="20211214 14:30:36.490" endtime="20211214 14:30:36.490"/>
</kw>
<status status="FAIL" starttime="20211214 14:30:36.485" endtime="20211214 14:30:36.490"/>
</kw>
<kw name="Close browser session" library="Basefile" type="TEARDOWN">
<kw name="Close Browser" library="SeleniumLibrary">
<doc>Closes the current browser.</doc>
<status status="PASS" starttime="20211214 14:30:36.491" endtime="20211214 14:30:36.491"/>
</kw>
<status status="PASS" starttime="20211214 14:30:36.491" endtime="20211214 14:30:36.492"/>
</kw>
<tag>DataManager</tag>
<status status="FAIL" starttime="20211214 14:30:36.484" endtime="20211214 14:30:36.492">Setup failed:
OSError: [WinError 1455] The paging file is too small for this operation to complete</status>
</test>
<status status="FAIL" starttime="20211214 14:30:35.622" endtime="20211214 14:30:36.492"/>
</suite>
<doc>[https://pabot.org/?ref=log|Pabot] result from 7 executions.</doc>
<status status="FAIL" starttime="20211214 14:30:13.661" endtime="20211214 14:35:45.659"/>
</suite>
<statistics>
<total>
<stat pass="15" fail="5" skip="0">All Tests</stat>
</total>
<tag>
<stat pass="0" fail="1" skip="0">DataManager</stat>
<stat pass="0" fail="1" skip="0">DataManager2</stat>
<stat pass="2" fail="1" skip="0">Sanity</stat>
</tag>
<suite>
<stat pass="15" fail="5" skip="0" id="s1" name="Suites">Suites</stat>
<stat pass="4" fail="0" skip="0" id="s1-s1" name="APITest">Suites.APITest</stat>
<stat pass="3" fail="0" skip="0" id="s1-s2" name="APITest DataDriver">Suites.APITest DataDriver</stat>
<stat pass="2" fail="0" skip="0" id="s1-s3" name="AdminLogin CSV DataDriver Test">Suites.AdminLogin CSV DataDriver Test</stat>
<stat pass="2" fail="1" skip="0" id="s1-s4" name="AdminLogin CSV DataManager Test">Suites.AdminLogin CSV DataManager Test</stat>
<stat pass="2" fail="0" skip="0" id="s1-s5" name="AdminLogin Default Test">Suites.AdminLogin Default Test</stat>
<stat pass="2" fail="1" skip="0" id="s1-s6" name="AdminLogin XLSX DataDriver Test">Suites.AdminLogin XLSX DataDriver Test</stat>
<stat pass="0" fail="3" skip="0" id="s1-s7" name="AdminLogin XLSX DataManager Test">Suites.AdminLogin XLSX DataManager Test</stat>
</suite>
</statistics>
<errors>
<msg timestamp="20211214 14:30:13.969" level="WARN">Keyword 'RequestsLibrary.Get Request' is deprecated. Please use `GET On Session` instead.</msg>
<msg timestamp="20211214 14:30:15.257" level="WARN">Multiple test cases with name 'Verify that user should get created' executed in test suite 'Suites.APITest DataDriver'.</msg>
<msg timestamp="20211214 14:30:15.989" level="WARN">Multiple test cases with name 'Verify that user should get created' executed in test suite 'Suites.APITest DataDriver'.</msg>
<msg timestamp="20211214 14:30:26.044" level="WARN">Multiple test cases with name 'verifyy that user should be able to login into the application' executed in test suite 'Suites.AdminLogin CSV DataDriver Test'.</msg>
<msg timestamp="20211214 14:35:33.178" level="WARN">Keyword 'Capture Page Screenshot' could not be run on failure: Keyword timeout 10 seconds exceeded.</msg>
<msg timestamp="20211214 14:30:40.771" level="WARN">Multiple test cases with name 'verify that user is able to login into the application' executed in test suite 'Suites.AdminLogin XLSX DataDriver Test'.</msg>
<msg timestamp="20211214 14:30:49.818" level="WARN">Multiple test cases with name 'verify that user is able to login into the application' executed in test suite 'Suites.AdminLogin XLSX DataDriver Test'.</msg>
</errors>
</robot>
