<?xml version="1.0" encoding="UTF-8"?>
<robot generator="Robot 4.1.2 (Python 3.10.0 on win32)" generated="20211214 14:30:16.240" rpa="false" schemaversion="2">
<suite id="s1" name="Suites">
<suite id="s1-s1" name="AdminLogin CSV DataManager Test" source="D:\projects\automationworkspace\OpenCart\TestCases\AdminLogin_CSV_DataManager_Test.robot">
<test id="s1-s1-t1" name="Verify that user land on Administration page">
<kw name="Launch application" library="Basefile" type="SETUP">
<arg>${BROWSER}</arg>
<arg>${ADMINBASEURL}</arg>
<kw name="Open Browser" library="SeleniumLibrary">
<arg>about:blank</arg>
<arg>${browserName}</arg>
<doc>Opens a new browser instance to the given ``url``.</doc>
<msg timestamp="20211214 14:30:16.877" level="INFO">Opening browser 'chrome' to base url 'about:blank'.</msg>
<status status="PASS" starttime="20211214 14:30:16.877" endtime="20211214 14:30:18.387"/>
</kw>
<kw name="Maximize Browser Window" library="SeleniumLibrary">
<doc>Maximizes current browser window.</doc>
<status status="PASS" starttime="20211214 14:30:18.387" endtime="20211214 14:30:18.620"/>
</kw>
<kw name="Go To" library="SeleniumLibrary">
<arg>${user_base_url}</arg>
<doc>Navigates the active browser instance to the provided ``url``.</doc>
<msg timestamp="20211214 14:30:18.620" level="INFO">Opening url 'https://demo.opencart.com/admin/'</msg>
<status status="PASS" starttime="20211214 14:30:18.620" endtime="20211214 14:30:20.686"/>
</kw>
<status status="PASS" starttime="20211214 14:30:16.876" endtime="20211214 14:30:20.686"/>
</kw>
<kw name="Title Should Be" library="SeleniumLibrary">
<arg>Administration</arg>
<doc>Verifies that current page title equals ``title``.</doc>
<msg timestamp="20211214 14:30:20.692" level="INFO">Page title is 'Administration'.</msg>
<status status="PASS" starttime="20211214 14:30:20.687" endtime="20211214 14:30:20.692"/>
</kw>
<kw name="Close browser session" library="Basefile" type="TEARDOWN">
<kw name="Close Browser" library="SeleniumLibrary">
<doc>Closes the current browser.</doc>
<status status="PASS" starttime="20211214 14:30:20.694" endtime="20211214 14:30:23.767"/>
</kw>
<status status="PASS" starttime="20211214 14:30:20.693" endtime="20211214 14:30:23.767"/>
</kw>
<status status="PASS" starttime="20211214 14:30:16.876" endtime="20211214 14:30:23.767"/>
</test>
<test id="s1-s1-t2" name="Verify that user should be able to login with different data">
<kw name="Launch application" library="Basefile" type="SETUP">
<arg>${BROWSER}</arg>
<arg>${ADMINBASEURL}</arg>
<kw name="Open Browser" library="SeleniumLibrary">
<arg>about:blank</arg>
<arg>${browserName}</arg>
<doc>Opens a new browser instance to the given ``url``.</doc>
<msg timestamp="20211214 14:30:23.771" level="INFO">Opening browser 'chrome' to base url 'about:blank'.</msg>
<status status="PASS" starttime="20211214 14:30:23.769" endtime="20211214 14:30:25.071"/>
</kw>
<kw name="Maximize Browser Window" library="SeleniumLibrary">
<doc>Maximizes current browser window.</doc>
<status status="PASS" starttime="20211214 14:30:25.071" endtime="20211214 14:30:25.188"/>
</kw>
<kw name="Go To" library="SeleniumLibrary">
<arg>${user_base_url}</arg>
<doc>Navigates the active browser instance to the provided ``url``.</doc>
<msg timestamp="20211214 14:30:25.188" level="INFO">Opening url 'https://demo.opencart.com/admin/'</msg>
<status status="PASS" starttime="20211214 14:30:25.188" endtime="20211214 14:30:27.162"/>
</kw>
<status status="PASS" starttime="20211214 14:30:23.768" endtime="20211214 14:30:27.162"/>
</kw>
<kw name="Get csv data" library="Datamanger">
<var>${CompleteCSVFile}</var>
<arg>${CSVPATH_DM}</arg>
<kw name="Read Csv File" library="FileUtility">
<var>${data}</var>
<arg>${filePath}</arg>
<msg timestamp="20211214 14:30:27.165" level="INFO">${data} = [['USEREMAIL', 'PASSWORD'], ['vivek', 'testpassword'], ['trantor', 'passwordtest']]</msg>
<status status="PASS" starttime="20211214 14:30:27.164" endtime="20211214 14:30:27.165"/>
</kw>
<msg timestamp="20211214 14:30:27.166" level="INFO">${CompleteCSVFile} = [['USEREMAIL', 'PASSWORD'], ['vivek', 'testpassword'], ['trantor', 'passwordtest']]</msg>
<status status="PASS" starttime="20211214 14:30:27.162" endtime="20211214 14:30:27.166"/>
</kw>
<for flavor="IN">
<var>${loginData}</var>
<value>@{CompleteCSVFile}</value>
<iter>
<var name="${loginData}">['USEREMAIL', 'PASSWORD']</var>
<kw name="Set Browser Implicit Wait" library="SeleniumLibrary">
<arg>5 seconds</arg>
<doc>Sets the implicit wait value used by Selenium.</doc>
<status status="PASS" starttime="20211214 14:30:27.166" endtime="20211214 14:30:27.167"/>
</kw>
<kw name="Enter login credentials using Datamanager" library="AdminLoginPage">
<arg>${loginData}</arg>
<kw name="Enter text" library="Basefile">
<arg>${ADMIN_EMAIL_ID}</arg>
<arg>${loginData[0]}</arg>
<kw name="Input Text" library="SeleniumLibrary">
<arg>${web_element}</arg>
<arg>${input_text}</arg>
<doc>Types the given ``text`` into text field identified by ``locator``.</doc>
<msg timestamp="20211214 14:30:27.170" level="INFO">Typing text 'USEREMAIL' into text field 'id=input-username'.</msg>
<status status="PASS" starttime="20211214 14:30:27.170" endtime="20211214 14:30:27.257"/>
</kw>
<status status="PASS" starttime="20211214 14:30:27.168" endtime="20211214 14:30:27.257"/>
</kw>
<kw name="Enter text" library="Basefile">
<arg>${ADMIN_PASSWORD_ID}</arg>
<arg>${loginData[1]}</arg>
<kw name="Input Text" library="SeleniumLibrary">
<arg>${web_element}</arg>
<arg>${input_text}</arg>
<doc>Types the given ``text`` into text field identified by ``locator``.</doc>
<msg timestamp="20211214 14:30:27.260" level="INFO">Typing text 'PASSWORD' into text field 'id=input-password'.</msg>
<status status="PASS" starttime="20211214 14:30:27.260" endtime="20211214 14:30:27.337"/>
</kw>
<status status="PASS" starttime="20211214 14:30:27.257" endtime="20211214 14:30:27.337"/>
</kw>
<kw name="Hit login button" library="AdminLoginPage">
<kw name="Click on the button" library="Basefile">
<arg>${ADMIN_LOGIN_BTN_XPATH}</arg>
<kw name="Click Button" library="SeleniumLibrary">
<arg>${web_element}</arg>
<doc>Clicks button identified by ``locator``.</doc>
<msg timestamp="20211214 14:30:27.340" level="INFO">Clicking button 'xpath=//button[@class='btn btn-primary']'.</msg>
<status status="PASS" starttime="20211214 14:30:27.339" endtime="20211214 14:30:30.003"/>
</kw>
<status status="PASS" starttime="20211214 14:30:27.338" endtime="20211214 14:30:30.003"/>
</kw>
<timeout value="10 seconds"/>
<status status="PASS" starttime="20211214 14:30:27.338" endtime="20211214 14:30:30.003"/>
</kw>
<status status="PASS" starttime="20211214 14:30:27.167" endtime="20211214 14:30:30.004"/>
</kw>
<kw name="Title Should Be" library="SeleniumLibrary">
<arg>Dashboard</arg>
<doc>Verifies that current page title equals ``title``.</doc>
<msg timestamp="20211214 14:30:30.018" level="INFO">Page title is 'Dashboard'.</msg>
<status status="PASS" starttime="20211214 14:30:30.004" endtime="20211214 14:30:30.018"/>
</kw>
<kw name="Logout from the application" library="DashboardPage">
<kw name="Click on the element" library="Basefile">
<arg>${ADMIN_LOGOUT_XPATH}</arg>
<kw name="Click Element" library="SeleniumLibrary">
<arg>${web_element}</arg>
<doc>Click element identified by ``locator``.</doc>
<msg timestamp="20211214 14:30:30.022" level="INFO">Clicking element 'xpath=//span[@class='hidden-xs hidden-sm hidden-md']'.</msg>
<status status="PASS" starttime="20211214 14:30:30.020" endtime="20211214 14:30:32.194"/>
</kw>
<status status="PASS" starttime="20211214 14:30:30.019" endtime="20211214 14:30:32.195"/>
</kw>
<status status="PASS" starttime="20211214 14:30:30.018" endtime="20211214 14:30:32.195"/>
</kw>
<status status="PASS" starttime="20211214 14:30:27.166" endtime="20211214 14:30:32.195"/>
</iter>
<iter>
<var name="${loginData}">['vivek', 'testpassword']</var>
<kw name="Set Browser Implicit Wait" library="SeleniumLibrary">
<arg>5 seconds</arg>
<doc>Sets the implicit wait value used by Selenium.</doc>
<status status="PASS" starttime="20211214 14:30:32.196" endtime="20211214 14:30:32.198"/>
</kw>
<kw name="Enter login credentials using Datamanager" library="AdminLoginPage">
<arg>${loginData}</arg>
<kw name="Enter text" library="Basefile">
<arg>${ADMIN_EMAIL_ID}</arg>
<arg>${loginData[0]}</arg>
<kw name="Input Text" library="SeleniumLibrary">
<arg>${web_element}</arg>
<arg>${input_text}</arg>
<doc>Types the given ``text`` into text field identified by ``locator``.</doc>
<msg timestamp="20211214 14:30:32.203" level="INFO">Typing text 'vivek' into text field 'id=input-username'.</msg>
<status status="PASS" starttime="20211214 14:30:32.202" endtime="20211214 14:30:32.337"/>
</kw>
<status status="PASS" starttime="20211214 14:30:32.199" endtime="20211214 14:30:32.337"/>
</kw>
<kw name="Enter text" library="Basefile">
<arg>${ADMIN_PASSWORD_ID}</arg>
<arg>${loginData[1]}</arg>
<kw name="Input Text" library="SeleniumLibrary">
<arg>${web_element}</arg>
<arg>${input_text}</arg>
<doc>Types the given ``text`` into text field identified by ``locator``.</doc>
<msg timestamp="20211214 14:30:32.339" level="INFO">Typing text 'testpassword' into text field 'id=input-password'.</msg>
<status status="PASS" starttime="20211214 14:30:32.339" endtime="20211214 14:30:32.971"/>
</kw>
<status status="PASS" starttime="20211214 14:30:32.337" endtime="20211214 14:30:32.972"/>
</kw>
<kw name="Hit login button" library="AdminLoginPage">
<kw name="Click on the button" library="Basefile">
<arg>${ADMIN_LOGIN_BTN_XPATH}</arg>
<kw name="Click Button" library="SeleniumLibrary">
<arg>${web_element}</arg>
<doc>Clicks button identified by ``locator``.</doc>
<kw name="Capture Page Screenshot" library="SeleniumLibrary">
<doc>Takes screenshot of the current page and embeds it into log file.</doc>
<status status="FAIL" starttime="20211214 14:35:33.176" endtime="20211214 14:35:33.177"/>
</kw>
<msg timestamp="20211214 14:30:32.973" level="INFO">Clicking button 'xpath=//button[@class='btn btn-primary']'.</msg>
<msg timestamp="20211214 14:35:33.177" level="FAIL">Keyword timeout 10 seconds exceeded.</msg>
<msg timestamp="20211214 14:35:33.178" level="WARN">Keyword 'Capture Page Screenshot' could not be run on failure: Keyword timeout 10 seconds exceeded.</msg>
<msg timestamp="20211214 14:35:33.178" level="INFO">Traceback (most recent call last):
    ~~~~~~~~~~~~~~~~~~~~~~~~~~~~~~~~~~~~~~~~~~~~~~~~~~~~~~~~~~~~~~~~~~~~~~~~~~
    File  D:\projects\automationworkspace\OpenCart\TestCases\AdminLogin_CSV_DataManager_Test.robot:19
    T:  Verify that user should be able to login with different data    
    ~~~~~~~~~~~~~~~~~~~~~~~~~~~~~~~~~~~~~~~~~~~~~~~~~~~~~~~~~~~~~~~~~~~~~~~~~~
    File  D:\projects\automationworkspace\OpenCart\TestCases\AdminLogin_CSV_DataManager_Test.robot:22
      ${loginData} IN [ @{CompleteCSVFile} ]    
    ~~~~~~~~~~~~~~~~~~~~~~~~~~~~~~~~~~~~~~~~~~~~~~~~~~~~~~~~~~~~~~~~~~~~~~~~~~
    File  D:\projects\automationworkspace\OpenCart\TestCases\AdminLogin_CSV_DataManager_Test.robot:22
      ${loginData} = ['vivek', 'testpassword']    
    ~~~~~~~~~~~~~~~~~~~~~~~~~~~~~~~~~~~~~~~~~~~~~~~~~~~~~~~~~~~~~~~~~~~~~~~~~~
    File  D:\projects\automationworkspace\OpenCart\TestCases\AdminLogin_CSV_DataManager_Test.robot:24
      Enter login credentials using Datamanager    ${loginData}
      |  ${loginData} =  (str)
    ~~~~~~~~~~~~~~~~~~~~~~~~~~~~~~~~~~~~~~~~~~~~~~~~~~~~~~~~~~~~~~~~~~~~~~~~~~
    File  D:\projects\automationworkspace\OpenCart\Pages\AdminLoginPage.robot:17
      Hit login button    
    ~~~~~~~~~~~~~~~~~~~~~~~~~~~~~~~~~~~~~~~~~~~~~~~~~~~~~~~~~~~~~~~~~~~~~~~~~~
    File  D:\projects\automationworkspace\OpenCart\Pages\AdminLoginPage.robot:20
      Click on the button    ${ADMIN_LOGIN_BTN_XPATH}
      |  ${ADMIN_LOGIN_BTN_XPATH} = xpath=//button[@class='btn btn-primary'] (str)
    ~~~~~~~~~~~~~~~~~~~~~~~~~~~~~~~~~~~~~~~~~~~~~~~~~~~~~~~~~~~~~~~~~~~~~~~~~~
    File  D:\projects\automationworkspace\OpenCart\Pages\Basefile.robot:23
      Click Button    ${web_element}
      |  ${web_element} = xpath=//button[@class='btn btn-primary'] (str)
    ~~~~~~~~~~~~~~~~~~~~~~~~~~~~~~~~~~~~~~~~~~~~~~~~~~~~~~~~~~~~~~~~~~~~~~~~~~
    File  None:0
      Capture Page Screenshot    
______________________________________________________________________________</msg>
<msg timestamp="20211214 14:35:33.179" level="FAIL">Keyword timeout 10 seconds exceeded.</msg>
<status status="FAIL" starttime="20211214 14:30:32.973" endtime="20211214 14:35:33.179"/>
</kw>
<status status="FAIL" starttime="20211214 14:30:32.972" endtime="20211214 14:35:33.179"/>
</kw>
<timeout value="10 seconds"/>
<status status="FAIL" starttime="20211214 14:30:32.972" endtime="20211214 14:35:33.179"/>
</kw>
<status status="FAIL" starttime="20211214 14:30:32.198" endtime="20211214 14:35:33.180"/>
</kw>
<kw name="Title Should Be" library="SeleniumLibrary">
<arg>Dashboard</arg>
<doc>Verifies that current page title equals ``title``.</doc>
<status status="NOT RUN" starttime="20211214 14:35:33.180" endtime="20211214 14:35:33.180"/>
</kw>
<kw name="Logout from the application" library="DashboardPage">
<status status="NOT RUN" starttime="20211214 14:35:33.180" endtime="20211214 14:35:33.181"/>
</kw>
<status status="FAIL" starttime="20211214 14:30:32.195" endtime="20211214 14:35:33.181"/>
</iter>
<status status="FAIL" starttime="20211214 14:30:27.166" endtime="20211214 14:35:33.181"/>
</for>
<kw name="Close browser session" library="Basefile" type="TEARDOWN">
<kw name="Close Browser" library="SeleniumLibrary">
<doc>Closes the current browser.</doc>
<status status="PASS" starttime="20211214 14:35:33.182" endtime="20211214 14:35:36.148"/>
</kw>
<status status="PASS" starttime="20211214 14:35:33.181" endtime="20211214 14:35:36.148"/>
</kw>
<tag>DataManager2</tag>
<status status="FAIL" starttime="20211214 14:30:23.767" endtime="20211214 14:35:36.149">Keyword timeout 10 seconds exceeded.</status>
</test>
<test id="s1-s1-t3" name="Verify that user should land on &quot;Dashboard&quot; page after login">
<kw name="Launch application" library="Basefile" type="SETUP">
<arg>${BROWSER}</arg>
<arg>${ADMINBASEURL}</arg>
<kw name="Open Browser" library="SeleniumLibrary">
<arg>about:blank</arg>
<arg>${browserName}</arg>
<doc>Opens a new browser instance to the given ``url``.</doc>
<msg timestamp="20211214 14:35:36.162" level="INFO">Opening browser 'chrome' to base url 'about:blank'.</msg>
<status status="PASS" starttime="20211214 14:35:36.162" endtime="20211214 14:35:37.465"/>
</kw>
<kw name="Maximize Browser Window" library="SeleniumLibrary">
<doc>Maximizes current browser window.</doc>
<status status="PASS" starttime="20211214 14:35:37.465" endtime="20211214 14:35:37.588"/>
</kw>
<kw name="Go To" library="SeleniumLibrary">
<arg>${user_base_url}</arg>
<doc>Navigates the active browser instance to the provided ``url``.</doc>
<msg timestamp="20211214 14:35:37.590" level="INFO">Opening url 'https://demo.opencart.com/admin/'</msg>
<status status="PASS" starttime="20211214 14:35:37.589" endtime="20211214 14:35:39.857"/>
</kw>
<status status="PASS" starttime="20211214 14:35:36.161" endtime="20211214 14:35:39.857"/>
</kw>
<kw name="Given AdminLoginPage.login into the application" library="AdminLoginPage">
<kw name="Enter text" library="Basefile">
<arg>${ADMIN_EMAIL_ID}</arg>
<arg>${USEREMAIL}</arg>
<kw name="Input Text" library="SeleniumLibrary">
<arg>${web_element}</arg>
<arg>${input_text}</arg>
<doc>Types the given ``text`` into text field identified by ``locator``.</doc>
<msg timestamp="20211214 14:35:39.858" level="INFO">Typing text 'demo' into text field 'id=input-username'.</msg>
<status status="PASS" starttime="20211214 14:35:39.858" endtime="20211214 14:35:39.932"/>
</kw>
<status status="PASS" starttime="20211214 14:35:39.858" endtime="20211214 14:35:39.932"/>
</kw>
<kw name="Enter text" library="Basefile">
<arg>${ADMIN_PASSWORD_ID}</arg>
<arg>${PASSWORD}</arg>
<kw name="Input Text" library="SeleniumLibrary">
<arg>${web_element}</arg>
<arg>${input_text}</arg>
<doc>Types the given ``text`` into text field identified by ``locator``.</doc>
<msg timestamp="20211214 14:35:39.934" level="INFO">Typing text 'demo' into text field 'id=input-password'.</msg>
<status status="PASS" starttime="20211214 14:35:39.933" endtime="20211214 14:35:39.998"/>
</kw>
<status status="PASS" starttime="20211214 14:35:39.933" endtime="20211214 14:35:39.998"/>
</kw>
<kw name="Click on the button" library="Basefile">
<arg>${ADMIN_LOGIN_BTN_XPATH}</arg>
<kw name="Click Button" library="SeleniumLibrary">
<arg>${web_element}</arg>
<doc>Clicks button identified by ``locator``.</doc>
<msg timestamp="20211214 14:35:39.999" level="INFO">Clicking button 'xpath=//button[@class='btn btn-primary']'.</msg>
<status status="PASS" starttime="20211214 14:35:39.999" endtime="20211214 14:35:42.685"/>
</kw>
<status status="PASS" starttime="20211214 14:35:39.999" endtime="20211214 14:35:42.685"/>
</kw>
<status status="PASS" starttime="20211214 14:35:39.857" endtime="20211214 14:35:42.685"/>
</kw>
<kw name="And set browser implicit wait" library="SeleniumLibrary">
<arg>5 seconds</arg>
<doc>Sets the implicit wait value used by Selenium.</doc>
<status status="PASS" starttime="20211214 14:35:42.686" endtime="20211214 14:35:42.689"/>
</kw>
<kw name="Then title should be" library="SeleniumLibrary">
<arg>Dashboard</arg>
<doc>Verifies that current page title equals ``title``.</doc>
<msg timestamp="20211214 14:35:42.694" level="INFO">Page title is 'Dashboard'.</msg>
<status status="PASS" starttime="20211214 14:35:42.690" endtime="20211214 14:35:42.695"/>
</kw>
<kw name="Close browser session" library="Basefile" type="TEARDOWN">
<kw name="Close Browser" library="SeleniumLibrary">
<doc>Closes the current browser.</doc>
<status status="PASS" starttime="20211214 14:35:42.696" endtime="20211214 14:35:45.657"/>
</kw>
<status status="PASS" starttime="20211214 14:35:42.695" endtime="20211214 14:35:45.657"/>
</kw>
<tag>Sanity</tag>
<status status="PASS" starttime="20211214 14:35:36.161" endtime="20211214 14:35:45.657"/>
</test>
<status status="FAIL" starttime="20211214 14:30:16.261" endtime="20211214 14:35:45.658"/>
</suite>
<status status="FAIL" starttime="20211214 14:30:16.247" endtime="20211214 14:35:45.659"/>
</suite>
<statistics>
<total>
<stat pass="2" fail="1" skip="0">All Tests</stat>
</total>
<tag>
<stat pass="0" fail="1" skip="0">DataManager2</stat>
<stat pass="1" fail="0" skip="0">Sanity</stat>
</tag>
<suite>
<stat pass="2" fail="1" skip="0" id="s1" name="Suites">Suites</stat>
<stat pass="2" fail="1" skip="0" id="s1-s1" name="AdminLogin CSV DataManager Test">Suites.AdminLogin CSV DataManager Test</stat>
</suite>
</statistics>
<errors>
<msg timestamp="20211214 14:35:33.178" level="WARN">Keyword 'Capture Page Screenshot' could not be run on failure: Keyword timeout 10 seconds exceeded.</msg>
</errors>
</robot>
