<?xml version="1.0" encoding="UTF-8"?>
<robot generator="Robot 4.1.2 (Python 3.10.0 on win32)" generated="20211214 14:30:13.659" rpa="false" schemaversion="2">
<suite id="s1" name="Suites">
<suite id="s1-s1" name="AdminLogin CSV DataDriver Test" source="D:\projects\automationworkspace\OpenCart\TestCases\AdminLogin_CSV_DataDriver_Test.robot">
<test id="s1-s1-t1" name="verifyy that user should be able to login into the application">
<kw name="Launch application" library="Basefile" type="SETUP">
<arg>${BROWSER}</arg>
<arg>${ADMINBASEURL}</arg>
<kw name="Open Browser" library="SeleniumLibrary">
<arg>about:blank</arg>
<arg>${browserName}</arg>
<doc>Opens a new browser instance to the given ``url``.</doc>
<msg timestamp="20211214 14:30:13.860" level="INFO">Opening browser 'chrome' to base url 'about:blank'.</msg>
<status status="PASS" starttime="20211214 14:30:13.859" endtime="20211214 14:30:15.412"/>
</kw>
<kw name="Maximize Browser Window" library="SeleniumLibrary">
<doc>Maximizes current browser window.</doc>
<status status="PASS" starttime="20211214 14:30:15.412" endtime="20211214 14:30:15.534"/>
</kw>
<kw name="Go To" library="SeleniumLibrary">
<arg>${user_base_url}</arg>
<doc>Navigates the active browser instance to the provided ``url``.</doc>
<msg timestamp="20211214 14:30:15.535" level="INFO">Opening url 'https://demo.opencart.com/admin/'</msg>
<status status="PASS" starttime="20211214 14:30:15.534" endtime="20211214 14:30:19.942"/>
</kw>
<status status="PASS" starttime="20211214 14:30:13.859" endtime="20211214 14:30:19.942"/>
</kw>
<kw name="Login with multiple data using CSV">
<arg>vivek</arg>
<arg>vivek_testpassword</arg>
<tag>Regression</tag>
<kw name="Login into the application" library="AdminLoginPage">
<kw name="Enter text" library="Basefile">
<arg>${ADMIN_EMAIL_ID}</arg>
<arg>${USEREMAIL}</arg>
<kw name="Input Text" library="SeleniumLibrary">
<arg>${web_element}</arg>
<arg>${input_text}</arg>
<doc>Types the given ``text`` into text field identified by ``locator``.</doc>
<msg timestamp="20211214 14:30:19.944" level="INFO">Typing text 'demo' into text field 'id=input-username'.</msg>
<status status="PASS" starttime="20211214 14:30:19.943" endtime="20211214 14:30:20.031"/>
</kw>
<status status="PASS" starttime="20211214 14:30:19.943" endtime="20211214 14:30:20.032"/>
</kw>
<kw name="Enter text" library="Basefile">
<arg>${ADMIN_PASSWORD_ID}</arg>
<arg>${PASSWORD}</arg>
<kw name="Input Text" library="SeleniumLibrary">
<arg>${web_element}</arg>
<arg>${input_text}</arg>
<doc>Types the given ``text`` into text field identified by ``locator``.</doc>
<msg timestamp="20211214 14:30:20.034" level="INFO">Typing text 'demo' into text field 'id=input-password'.</msg>
<status status="PASS" starttime="20211214 14:30:20.034" endtime="20211214 14:30:20.116"/>
</kw>
<status status="PASS" starttime="20211214 14:30:20.032" endtime="20211214 14:30:20.116"/>
</kw>
<kw name="Click on the button" library="Basefile">
<arg>${ADMIN_LOGIN_BTN_XPATH}</arg>
<kw name="Click Button" library="SeleniumLibrary">
<arg>${web_element}</arg>
<doc>Clicks button identified by ``locator``.</doc>
<msg timestamp="20211214 14:30:20.117" level="INFO">Clicking button 'xpath=//button[@class='btn btn-primary']'.</msg>
<status status="PASS" starttime="20211214 14:30:20.117" endtime="20211214 14:30:23.002"/>
</kw>
<status status="PASS" starttime="20211214 14:30:20.116" endtime="20211214 14:30:23.002"/>
</kw>
<status status="PASS" starttime="20211214 14:30:19.943" endtime="20211214 14:30:23.002"/>
</kw>
<kw name="Then title should be" library="SeleniumLibrary">
<arg>Dashboard</arg>
<doc>Verifies that current page title equals ``title``.</doc>
<msg timestamp="20211214 14:30:23.006" level="INFO">Page title is 'Dashboard'.</msg>
<status status="PASS" starttime="20211214 14:30:23.003" endtime="20211214 14:30:23.007"/>
</kw>
<status status="PASS" starttime="20211214 14:30:19.942" endtime="20211214 14:30:23.007"/>
</kw>
<kw name="Close browser session" library="Basefile" type="TEARDOWN">
<kw name="Close Browser" library="SeleniumLibrary">
<doc>Closes the current browser.</doc>
<status status="PASS" starttime="20211214 14:30:23.008" endtime="20211214 14:30:26.044"/>
</kw>
<status status="PASS" starttime="20211214 14:30:23.007" endtime="20211214 14:30:26.044"/>
</kw>
<status status="PASS" starttime="20211214 14:30:13.857" endtime="20211214 14:30:26.044"/>
</test>
<test id="s1-s1-t2" name="verifyy that user should be able to login into the application">
<kw name="Launch application" library="Basefile" type="SETUP">
<arg>${BROWSER}</arg>
<arg>${ADMINBASEURL}</arg>
<kw name="Open Browser" library="SeleniumLibrary">
<arg>about:blank</arg>
<arg>${browserName}</arg>
<doc>Opens a new browser instance to the given ``url``.</doc>
<msg timestamp="20211214 14:30:26.048" level="INFO">Opening browser 'chrome' to base url 'about:blank'.</msg>
<status status="PASS" starttime="20211214 14:30:26.048" endtime="20211214 14:30:27.416"/>
</kw>
<kw name="Maximize Browser Window" library="SeleniumLibrary">
<doc>Maximizes current browser window.</doc>
<status status="PASS" starttime="20211214 14:30:27.416" endtime="20211214 14:30:27.565"/>
</kw>
<kw name="Go To" library="SeleniumLibrary">
<arg>${user_base_url}</arg>
<doc>Navigates the active browser instance to the provided ``url``.</doc>
<msg timestamp="20211214 14:30:27.566" level="INFO">Opening url 'https://demo.opencart.com/admin/'</msg>
<status status="PASS" starttime="20211214 14:30:27.566" endtime="20211214 14:30:29.409"/>
</kw>
<status status="PASS" starttime="20211214 14:30:26.047" endtime="20211214 14:30:29.409"/>
</kw>
<kw name="Login with multiple data using CSV">
<arg>trantor</arg>
<arg>trantor_passwordtest</arg>
<tag>Regression</tag>
<kw name="Login into the application" library="AdminLoginPage">
<kw name="Enter text" library="Basefile">
<arg>${ADMIN_EMAIL_ID}</arg>
<arg>${USEREMAIL}</arg>
<kw name="Input Text" library="SeleniumLibrary">
<arg>${web_element}</arg>
<arg>${input_text}</arg>
<doc>Types the given ``text`` into text field identified by ``locator``.</doc>
<msg timestamp="20211214 14:30:29.411" level="INFO">Typing text 'demo' into text field 'id=input-username'.</msg>
<status status="PASS" starttime="20211214 14:30:29.410" endtime="20211214 14:30:29.498"/>
</kw>
<status status="PASS" starttime="20211214 14:30:29.410" endtime="20211214 14:30:29.498"/>
</kw>
<kw name="Enter text" library="Basefile">
<arg>${ADMIN_PASSWORD_ID}</arg>
<arg>${PASSWORD}</arg>
<kw name="Input Text" library="SeleniumLibrary">
<arg>${web_element}</arg>
<arg>${input_text}</arg>
<doc>Types the given ``text`` into text field identified by ``locator``.</doc>
<msg timestamp="20211214 14:30:29.500" level="INFO">Typing text 'demo' into text field 'id=input-password'.</msg>
<status status="PASS" starttime="20211214 14:30:29.500" endtime="20211214 14:30:29.575"/>
</kw>
<status status="PASS" starttime="20211214 14:30:29.499" endtime="20211214 14:30:29.576"/>
</kw>
<kw name="Click on the button" library="Basefile">
<arg>${ADMIN_LOGIN_BTN_XPATH}</arg>
<kw name="Click Button" library="SeleniumLibrary">
<arg>${web_element}</arg>
<doc>Clicks button identified by ``locator``.</doc>
<msg timestamp="20211214 14:30:29.578" level="INFO">Clicking button 'xpath=//button[@class='btn btn-primary']'.</msg>
<status status="PASS" starttime="20211214 14:30:29.577" endtime="20211214 14:30:32.244"/>
</kw>
<status status="PASS" starttime="20211214 14:30:29.576" endtime="20211214 14:30:32.245"/>
</kw>
<status status="PASS" starttime="20211214 14:30:29.410" endtime="20211214 14:30:32.245"/>
</kw>
<kw name="Then title should be" library="SeleniumLibrary">
<arg>Dashboard</arg>
<doc>Verifies that current page title equals ``title``.</doc>
<msg timestamp="20211214 14:30:32.252" level="INFO">Page title is 'Dashboard'.</msg>
<status status="PASS" starttime="20211214 14:30:32.246" endtime="20211214 14:30:32.252"/>
</kw>
<status status="PASS" starttime="20211214 14:30:29.409" endtime="20211214 14:30:32.252"/>
</kw>
<kw name="Close browser session" library="Basefile" type="TEARDOWN">
<kw name="Close Browser" library="SeleniumLibrary">
<doc>Closes the current browser.</doc>
<status status="PASS" starttime="20211214 14:30:32.253" endtime="20211214 14:30:35.190"/>
</kw>
<status status="PASS" starttime="20211214 14:30:32.253" endtime="20211214 14:30:35.190"/>
</kw>
<status status="PASS" starttime="20211214 14:30:26.044" endtime="20211214 14:30:35.191"/>
</test>
<status status="PASS" starttime="20211214 14:30:13.682" endtime="20211214 14:30:35.193"/>
</suite>
<status status="PASS" starttime="20211214 14:30:13.667" endtime="20211214 14:30:35.194"/>
</suite>
<statistics>
<total>
<stat pass="2" fail="0" skip="0">All Tests</stat>
</total>
<tag>
</tag>
<suite>
<stat pass="2" fail="0" skip="0" id="s1" name="Suites">Suites</stat>
<stat pass="2" fail="0" skip="0" id="s1-s1" name="AdminLogin CSV DataDriver Test">Suites.AdminLogin CSV DataDriver Test</stat>
</suite>
</statistics>
<errors>
<msg timestamp="20211214 14:30:26.044" level="WARN">Multiple test cases with name 'verifyy that user should be able to login into the application' executed in test suite 'Suites.AdminLogin CSV DataDriver Test'.</msg>
</errors>
</robot>
